{"name":"user can search Shopery","status":"failed","statusDetails":{"known":false,"muted":false,"flaky":false,"message":"Element not found {By.xpath: /html/body/div[1]/div[1]/a/img}\nExpected: exist","trace":"Element not found {By.xpath: /html/body/div[1]/div[1]/a/img}\nExpected: exist\nPage source: file:/home/victor/Escritorio/MASTER_Selenium_Allure/target/surefire-reports/1694784874504.1.html\nTimeout: 4 s.\nCaused by: WebDriverException: java.net.ConnectException: Failed to connect to localhost/127.0.0.1:31478\n\tat com.codeborne.selenide.impl.WebElementSource.createElementNotFoundError(WebElementSource.java:37)\n\tat com.codeborne.selenide.impl.ElementFinder.createElementNotFoundError(ElementFinder.java:100)\n\tat com.codeborne.selenide.impl.SelenideElementProxy.dispatchAndRetry(SelenideElementProxy.java:131)\n\tat com.codeborne.selenide.impl.SelenideElementProxy.invoke(SelenideElementProxy.java:65)\n\tat com.sun.proxy.$Proxy19.click(Unknown Source)\n\tat org.mouthaan.demo.steps.HomeShopery.topTenMatchesShouldBeShown(HomeShopery.java:50)\n\tat ✽.tres(file:src/test/resources/features/HomeShopery.feature:8)\nCaused by: org.openqa.selenium.WebDriverException: java.net.ConnectException: Failed to connect to localhost/127.0.0.1:31478\nBuild info: version: '3.141.59', revision: 'e82be7d358', time: '2018-11-14T08:17:03'\nSystem info: host: 'victor-X555LDB', ip: '127.0.1.1', os.name: 'Linux', os.arch: 'amd64', os.version: '6.2.3-060203-generic', java.version: '11.0.20.1'\nDriver info: driver.version: RemoteWebDriver\n\tat org.openqa.selenium.remote.service.DriverCommandExecutor.execute(DriverCommandExecutor.java:92)\n\tat org.openqa.selenium.remote.RemoteWebDriver.execute(RemoteWebDriver.java:552)\n\tat org.openqa.selenium.remote.RemoteWebElement.execute(RemoteWebElement.java:285)\n\tat org.openqa.selenium.remote.RemoteWebElement.click(RemoteWebElement.java:84)\n\tat com.codeborne.selenide.commands.Click.click(Click.java:26)\n\tat com.codeborne.selenide.commands.Click.execute(Click.java:13)\n\tat com.codeborne.selenide.commands.Click.execute(Click.java:9)\n\tat com.codeborne.selenide.commands.Commands.execute(Commands.java:144)\n\tat com.codeborne.selenide.impl.SelenideElementProxy.dispatchAndRetry(SelenideElementProxy.java:99)\n\tat com.codeborne.selenide.impl.SelenideElementProxy.invoke(SelenideElementProxy.java:65)\n\tat com.sun.proxy.$Proxy19.click(Unknown Source)\n\tat org.mouthaan.demo.steps.HomeShopery.topTenMatchesShouldBeShown(HomeShopery.java:50)\n\tat java.base/jdk.internal.reflect.NativeMethodAccessorImpl.invoke0(Native Method)\n\tat java.base/jdk.internal.reflect.NativeMethodAccessorImpl.invoke(NativeMethodAccessorImpl.java:62)\n\tat java.base/jdk.internal.reflect.DelegatingMethodAccessorImpl.invoke(DelegatingMethodAccessorImpl.java:43)\n\tat java.base/java.lang.reflect.Method.invoke(Method.java:566)\n\tat cucumber.runtime.Utils$1.call(Utils.java:26)\n\tat cucumber.runtime.Timeout.timeout(Timeout.java:16)\n\tat cucumber.runtime.Utils.invoke(Utils.java:20)\n\tat cucumber.runtime.java.JavaStepDefinition.execute(JavaStepDefinition.java:57)\n\tat cucumber.runner.PickleStepDefinitionMatch.runStep(PickleStepDefinitionMatch.java:50)\n\tat cucumber.runner.TestStep.executeStep(TestStep.java:63)\n\tat cucumber.runner.TestStep.run(TestStep.java:49)\n\tat cucumber.runner.PickleStepTestStep.run(PickleStepTestStep.java:43)\n\tat cucumber.runner.TestCase.run(TestCase.java:45)\n\tat cucumber.runner.Runner.runPickle(Runner.java:40)\n\tat cucumber.runtime.junit.PickleRunners$NoStepDescriptions.run(PickleRunners.java:146)\n\tat cucumber.runtime.junit.FeatureRunner.runChild(FeatureRunner.java:68)\n\tat cucumber.runtime.junit.FeatureRunner.runChild(FeatureRunner.java:23)\n\tat org.junit.runners.ParentRunner$3.run(ParentRunner.java:290)\n\tat org.junit.runners.ParentRunner$1.schedule(ParentRunner.java:71)\n\tat org.junit.runners.ParentRunner.runChildren(ParentRunner.java:288)\n\tat org.junit.runners.ParentRunner.access$000(ParentRunner.java:58)\n\tat org.junit.runners.ParentRunner$2.evaluate(ParentRunner.java:268)\n\tat org.junit.runners.ParentRunner.run(ParentRunner.java:363)\n\tat cucumber.runtime.junit.FeatureRunner.run(FeatureRunner.java:73)\n\tat cucumber.api.junit.Cucumber.runChild(Cucumber.java:122)\n\tat cucumber.api.junit.Cucumber.runChild(Cucumber.java:64)\n\tat org.junit.runners.ParentRunner$3.run(ParentRunner.java:290)\n\tat org.junit.runners.ParentRunner$1.schedule(ParentRunner.java:71)\n\tat org.junit.runners.ParentRunner.runChildren(ParentRunner.java:288)\n\tat org.junit.runners.ParentRunner.access$000(ParentRunner.java:58)\n\tat org.junit.runners.ParentRunner$2.evaluate(ParentRunner.java:268)\n\tat cucumber.api.junit.Cucumber$1.evaluate(Cucumber.java:131)\n\tat org.junit.internal.runners.statements.RunAfters.evaluate(RunAfters.java:27)\n\tat org.junit.runners.ParentRunner.run(ParentRunner.java:363)\n\tat org.apache.maven.surefire.junit4.JUnit4Provider.execute(JUnit4Provider.java:365)\n\tat org.apache.maven.surefire.junit4.JUnit4Provider.executeWithRerun(JUnit4Provider.java:273)\n\tat org.apache.maven.surefire.junit4.JUnit4Provider.executeTestSet(JUnit4Provider.java:238)\n\tat org.apache.maven.surefire.junit4.JUnit4Provider.invoke(JUnit4Provider.java:159)\n\tat org.apache.maven.surefire.booter.ForkedBooter.invokeProviderInSameClassLoader(ForkedBooter.java:384)\n\tat org.apache.maven.surefire.booter.ForkedBooter.runSuitesInProcess(ForkedBooter.java:345)\n\tat org.apache.maven.surefire.booter.ForkedBooter.execute(ForkedBooter.java:126)\n\tat org.apache.maven.surefire.booter.ForkedBooter.main(ForkedBooter.java:418)\nCaused by: java.net.ConnectException: Failed to connect to localhost/127.0.0.1:31478\n\tat okhttp3.internal.connection.RealConnection.connectSocket(RealConnection.java:247)\n\tat okhttp3.internal.connection.RealConnection.connect(RealConnection.java:165)\n\tat okhttp3.internal.connection.StreamAllocation.findConnection(StreamAllocation.java:257)\n\tat okhttp3.internal.connection.StreamAllocation.findHealthyConnection(StreamAllocation.java:135)\n\tat okhttp3.internal.connection.StreamAllocation.newStream(StreamAllocation.java:114)\n\tat okhttp3.internal.connection.ConnectInterceptor.intercept(ConnectInterceptor.java:42)\n\tat okhttp3.internal.http.RealInterceptorChain.proceed(RealInterceptorChain.java:147)\n\tat okhttp3.internal.http.RealInterceptorChain.proceed(RealInterceptorChain.java:121)\n\tat okhttp3.internal.cache.CacheInterceptor.intercept(CacheInterceptor.java:93)\n\tat okhttp3.internal.http.RealInterceptorChain.proceed(RealInterceptorChain.java:147)\n\tat okhttp3.internal.http.RealInterceptorChain.proceed(RealInterceptorChain.java:121)\n\tat okhttp3.internal.http.BridgeInterceptor.intercept(BridgeInterceptor.java:93)\n\tat okhttp3.internal.http.RealInterceptorChain.proceed(RealInterceptorChain.java:147)\n\tat okhttp3.internal.http.RetryAndFollowUpInterceptor.intercept(RetryAndFollowUpInterceptor.java:126)\n\tat okhttp3.internal.http.RealInterceptorChain.proceed(RealInterceptorChain.java:147)\n\tat okhttp3.internal.http.RealInterceptorChain.proceed(RealInterceptorChain.java:121)\n\tat okhttp3.RealCall.getResponseWithInterceptorChain(RealCall.java:200)\n\tat okhttp3.RealCall.execute(RealCall.java:77)\n\tat org.openqa.selenium.remote.internal.OkHttpClient.execute(OkHttpClient.java:103)\n\tat org.openqa.selenium.remote.HttpCommandExecutor.execute(HttpCommandExecutor.java:155)\n\tat org.openqa.selenium.remote.service.DriverCommandExecutor.execute(DriverCommandExecutor.java:83)\n\t... 53 more\nCaused by: java.net.ConnectException: Conexión rehusada (Connection refused)\n\tat java.base/java.net.PlainSocketImpl.socketConnect(Native Method)\n\tat java.base/java.net.AbstractPlainSocketImpl.doConnect(AbstractPlainSocketImpl.java:412)\n\tat java.base/java.net.AbstractPlainSocketImpl.connectToAddress(AbstractPlainSocketImpl.java:255)\n\tat java.base/java.net.AbstractPlainSocketImpl.connect(AbstractPlainSocketImpl.java:237)\n\tat java.base/java.net.SocksSocketImpl.connect(SocksSocketImpl.java:392)\n\tat java.base/java.net.Socket.connect(Socket.java:609)\n\tat okhttp3.internal.platform.Platform.connectSocket(Platform.java:129)\n\tat okhttp3.internal.connection.RealConnection.connectSocket(RealConnection.java:245)\n\t... 73 more\n"},"stage":"finished","steps":[{"name":"Given  an open browser with Shopery.com","status":"passed","statusDetails":{"known":false,"muted":false,"flaky":false},"stage":"finished","steps":[{"name":"$(open) https://shopery.com","status":"passed","stage":"finished","steps":[],"attachments":[],"parameters":[],"start":1694783646057,"stop":1694783648293},{"name":"$(by text: Accept) is displayed()","status":"passed","stage":"finished","steps":[],"attachments":[],"parameters":[],"start":1694783648793,"stop":1694783648920},{"name":"$(by text: Accept) should be(visible)","status":"passed","stage":"finished","steps":[],"attachments":[],"parameters":[],"start":1694783648921,"stop":1694783649008},{"name":"$(by text: Accept) click()","status":"passed","stage":"finished","steps":[],"attachments":[],"parameters":[],"start":1694783649008,"stop":1694783649113},{"name":"$(by text: Accept) should(hidden)","status":"passed","stage":"finished","steps":[],"attachments":[],"parameters":[],"start":1694783649113,"stop":1694783649213}],"attachments":[],"parameters":[],"start":1694783646040,"stop":1694783649214},{"name":"When  Navigate to Menu","status":"passed","statusDetails":{"known":false,"muted":false,"flaky":false},"stage":"finished","steps":[{"name":"$(By.xpath: //div[@class ='button-text']) should be(visible)","status":"passed","stage":"finished","steps":[],"attachments":[],"parameters":[],"start":1694783650214,"stop":1694783650245},{"name":"$(By.xpath: //div[@class ='button-text']) click()","status":"passed","stage":"finished","steps":[],"attachments":[],"parameters":[],"start":1694783650245,"stop":1694783651508}],"attachments":[],"parameters":[],"start":1694783649214,"stop":1694783651508},{"name":"Then  tres","status":"failed","statusDetails":{"known":false,"muted":false,"flaky":false,"message":"Element not found {By.xpath: /html/body/div[1]/div[1]/a/img}\nExpected: exist","trace":"Element not found {By.xpath: /html/body/div[1]/div[1]/a/img}\nExpected: exist\nPage source: file:/home/victor/Escritorio/MASTER_Selenium_Allure/target/surefire-reports/1694784874504.1.html\nTimeout: 4 s.\nCaused by: WebDriverException: java.net.ConnectException: Failed to connect to localhost/127.0.0.1:31478\n\tat com.codeborne.selenide.impl.WebElementSource.createElementNotFoundError(WebElementSource.java:37)\n\tat com.codeborne.selenide.impl.ElementFinder.createElementNotFoundError(ElementFinder.java:100)\n\tat com.codeborne.selenide.impl.SelenideElementProxy.dispatchAndRetry(SelenideElementProxy.java:131)\n\tat com.codeborne.selenide.impl.SelenideElementProxy.invoke(SelenideElementProxy.java:65)\n\tat com.sun.proxy.$Proxy19.click(Unknown Source)\n\tat org.mouthaan.demo.steps.HomeShopery.topTenMatchesShouldBeShown(HomeShopery.java:50)\n\tat ✽.tres(file:src/test/resources/features/HomeShopery.feature:8)\nCaused by: org.openqa.selenium.WebDriverException: java.net.ConnectException: Failed to connect to localhost/127.0.0.1:31478\nBuild info: version: '3.141.59', revision: 'e82be7d358', time: '2018-11-14T08:17:03'\nSystem info: host: 'victor-X555LDB', ip: '127.0.1.1', os.name: 'Linux', os.arch: 'amd64', os.version: '6.2.3-060203-generic', java.version: '11.0.20.1'\nDriver info: driver.version: RemoteWebDriver\n\tat org.openqa.selenium.remote.service.DriverCommandExecutor.execute(DriverCommandExecutor.java:92)\n\tat org.openqa.selenium.remote.RemoteWebDriver.execute(RemoteWebDriver.java:552)\n\tat org.openqa.selenium.remote.RemoteWebElement.execute(RemoteWebElement.java:285)\n\tat org.openqa.selenium.remote.RemoteWebElement.click(RemoteWebElement.java:84)\n\tat com.codeborne.selenide.commands.Click.click(Click.java:26)\n\tat com.codeborne.selenide.commands.Click.execute(Click.java:13)\n\tat com.codeborne.selenide.commands.Click.execute(Click.java:9)\n\tat com.codeborne.selenide.commands.Commands.execute(Commands.java:144)\n\tat com.codeborne.selenide.impl.SelenideElementProxy.dispatchAndRetry(SelenideElementProxy.java:99)\n\tat com.codeborne.selenide.impl.SelenideElementProxy.invoke(SelenideElementProxy.java:65)\n\tat com.sun.proxy.$Proxy19.click(Unknown Source)\n\tat org.mouthaan.demo.steps.HomeShopery.topTenMatchesShouldBeShown(HomeShopery.java:50)\n\tat java.base/jdk.internal.reflect.NativeMethodAccessorImpl.invoke0(Native Method)\n\tat java.base/jdk.internal.reflect.NativeMethodAccessorImpl.invoke(NativeMethodAccessorImpl.java:62)\n\tat java.base/jdk.internal.reflect.DelegatingMethodAccessorImpl.invoke(DelegatingMethodAccessorImpl.java:43)\n\tat java.base/java.lang.reflect.Method.invoke(Method.java:566)\n\tat cucumber.runtime.Utils$1.call(Utils.java:26)\n\tat cucumber.runtime.Timeout.timeout(Timeout.java:16)\n\tat cucumber.runtime.Utils.invoke(Utils.java:20)\n\tat cucumber.runtime.java.JavaStepDefinition.execute(JavaStepDefinition.java:57)\n\tat cucumber.runner.PickleStepDefinitionMatch.runStep(PickleStepDefinitionMatch.java:50)\n\tat cucumber.runner.TestStep.executeStep(TestStep.java:63)\n\tat cucumber.runner.TestStep.run(TestStep.java:49)\n\tat cucumber.runner.PickleStepTestStep.run(PickleStepTestStep.java:43)\n\tat cucumber.runner.TestCase.run(TestCase.java:45)\n\tat cucumber.runner.Runner.runPickle(Runner.java:40)\n\tat cucumber.runtime.junit.PickleRunners$NoStepDescriptions.run(PickleRunners.java:146)\n\tat cucumber.runtime.junit.FeatureRunner.runChild(FeatureRunner.java:68)\n\tat cucumber.runtime.junit.FeatureRunner.runChild(FeatureRunner.java:23)\n\tat org.junit.runners.ParentRunner$3.run(ParentRunner.java:290)\n\tat org.junit.runners.ParentRunner$1.schedule(ParentRunner.java:71)\n\tat org.junit.runners.ParentRunner.runChildren(ParentRunner.java:288)\n\tat org.junit.runners.ParentRunner.access$000(ParentRunner.java:58)\n\tat org.junit.runners.ParentRunner$2.evaluate(ParentRunner.java:268)\n\tat org.junit.runners.ParentRunner.run(ParentRunner.java:363)\n\tat cucumber.runtime.junit.FeatureRunner.run(FeatureRunner.java:73)\n\tat cucumber.api.junit.Cucumber.runChild(Cucumber.java:122)\n\tat cucumber.api.junit.Cucumber.runChild(Cucumber.java:64)\n\tat org.junit.runners.ParentRunner$3.run(ParentRunner.java:290)\n\tat org.junit.runners.ParentRunner$1.schedule(ParentRunner.java:71)\n\tat org.junit.runners.ParentRunner.runChildren(ParentRunner.java:288)\n\tat org.junit.runners.ParentRunner.access$000(ParentRunner.java:58)\n\tat org.junit.runners.ParentRunner$2.evaluate(ParentRunner.java:268)\n\tat cucumber.api.junit.Cucumber$1.evaluate(Cucumber.java:131)\n\tat org.junit.internal.runners.statements.RunAfters.evaluate(RunAfters.java:27)\n\tat org.junit.runners.ParentRunner.run(ParentRunner.java:363)\n\tat org.apache.maven.surefire.junit4.JUnit4Provider.execute(JUnit4Provider.java:365)\n\tat org.apache.maven.surefire.junit4.JUnit4Provider.executeWithRerun(JUnit4Provider.java:273)\n\tat org.apache.maven.surefire.junit4.JUnit4Provider.executeTestSet(JUnit4Provider.java:238)\n\tat org.apache.maven.surefire.junit4.JUnit4Provider.invoke(JUnit4Provider.java:159)\n\tat org.apache.maven.surefire.booter.ForkedBooter.invokeProviderInSameClassLoader(ForkedBooter.java:384)\n\tat org.apache.maven.surefire.booter.ForkedBooter.runSuitesInProcess(ForkedBooter.java:345)\n\tat org.apache.maven.surefire.booter.ForkedBooter.execute(ForkedBooter.java:126)\n\tat org.apache.maven.surefire.booter.ForkedBooter.main(ForkedBooter.java:418)\nCaused by: java.net.ConnectException: Failed to connect to localhost/127.0.0.1:31478\n\tat okhttp3.internal.connection.RealConnection.connectSocket(RealConnection.java:247)\n\tat okhttp3.internal.connection.RealConnection.connect(RealConnection.java:165)\n\tat okhttp3.internal.connection.StreamAllocation.findConnection(StreamAllocation.java:257)\n\tat okhttp3.internal.connection.StreamAllocation.findHealthyConnection(StreamAllocation.java:135)\n\tat okhttp3.internal.connection.StreamAllocation.newStream(StreamAllocation.java:114)\n\tat okhttp3.internal.connection.ConnectInterceptor.intercept(ConnectInterceptor.java:42)\n\tat okhttp3.internal.http.RealInterceptorChain.proceed(RealInterceptorChain.java:147)\n\tat okhttp3.internal.http.RealInterceptorChain.proceed(RealInterceptorChain.java:121)\n\tat okhttp3.internal.cache.CacheInterceptor.intercept(CacheInterceptor.java:93)\n\tat okhttp3.internal.http.RealInterceptorChain.proceed(RealInterceptorChain.java:147)\n\tat okhttp3.internal.http.RealInterceptorChain.proceed(RealInterceptorChain.java:121)\n\tat okhttp3.internal.http.BridgeInterceptor.intercept(BridgeInterceptor.java:93)\n\tat okhttp3.internal.http.RealInterceptorChain.proceed(RealInterceptorChain.java:147)\n\tat okhttp3.internal.http.RetryAndFollowUpInterceptor.intercept(RetryAndFollowUpInterceptor.java:126)\n\tat okhttp3.internal.http.RealInterceptorChain.proceed(RealInterceptorChain.java:147)\n\tat okhttp3.internal.http.RealInterceptorChain.proceed(RealInterceptorChain.java:121)\n\tat okhttp3.RealCall.getResponseWithInterceptorChain(RealCall.java:200)\n\tat okhttp3.RealCall.execute(RealCall.java:77)\n\tat org.openqa.selenium.remote.internal.OkHttpClient.execute(OkHttpClient.java:103)\n\tat org.openqa.selenium.remote.HttpCommandExecutor.execute(HttpCommandExecutor.java:155)\n\tat org.openqa.selenium.remote.service.DriverCommandExecutor.execute(DriverCommandExecutor.java:83)\n\t... 53 more\nCaused by: java.net.ConnectException: Conexión rehusada (Connection refused)\n\tat java.base/java.net.PlainSocketImpl.socketConnect(Native Method)\n\tat java.base/java.net.AbstractPlainSocketImpl.doConnect(AbstractPlainSocketImpl.java:412)\n\tat java.base/java.net.AbstractPlainSocketImpl.connectToAddress(AbstractPlainSocketImpl.java:255)\n\tat java.base/java.net.AbstractPlainSocketImpl.connect(AbstractPlainSocketImpl.java:237)\n\tat java.base/java.net.SocksSocketImpl.connect(SocksSocketImpl.java:392)\n\tat java.base/java.net.Socket.connect(Socket.java:609)\n\tat okhttp3.internal.platform.Platform.connectSocket(Platform.java:129)\n\tat okhttp3.internal.connection.RealConnection.connectSocket(RealConnection.java:245)\n\t... 73 more\n"},"stage":"finished","steps":[{"name":"$(By.xpath: /html/body/div[1]/div[1]/a/img) should be(visible)","status":"passed","stage":"finished","steps":[],"attachments":[],"parameters":[],"start":1694783652509,"stop":1694783652595},{"name":"$(By.xpath: /html/body/div[1]/div[1]/a/img) click()","status":"failed","statusDetails":{"known":false,"muted":false,"flaky":false,"message":"Element not found {By.xpath: /html/body/div[1]/div[1]/a/img}\nExpected: exist","trace":"Element not found {By.xpath: /html/body/div[1]/div[1]/a/img}\nExpected: exist\nPage source: file:/home/victor/Escritorio/MASTER_Selenium_Allure/target/surefire-reports/1694784874504.1.html\nTimeout: 4 s.\nCaused by: WebDriverException: java.net.ConnectException: Failed to connect to localhost/127.0.0.1:31478\n\tat com.codeborne.selenide.impl.WebElementSource.createElementNotFoundError(WebElementSource.java:37)\n\tat com.codeborne.selenide.impl.ElementFinder.createElementNotFoundError(ElementFinder.java:100)\n\tat com.codeborne.selenide.impl.SelenideElementProxy.dispatchAndRetry(SelenideElementProxy.java:131)\n\tat com.codeborne.selenide.impl.SelenideElementProxy.invoke(SelenideElementProxy.java:65)\n\tat com.sun.proxy.$Proxy19.click(Unknown Source)\n\tat org.mouthaan.demo.steps.HomeShopery.topTenMatchesShouldBeShown(HomeShopery.java:50)\n\tat java.base/jdk.internal.reflect.NativeMethodAccessorImpl.invoke0(Native Method)\n\tat java.base/jdk.internal.reflect.NativeMethodAccessorImpl.invoke(NativeMethodAccessorImpl.java:62)\n\tat java.base/jdk.internal.reflect.DelegatingMethodAccessorImpl.invoke(DelegatingMethodAccessorImpl.java:43)\n\tat java.base/java.lang.reflect.Method.invoke(Method.java:566)\n\tat cucumber.runtime.Utils$1.call(Utils.java:26)\n\tat cucumber.runtime.Timeout.timeout(Timeout.java:16)\n\tat cucumber.runtime.Utils.invoke(Utils.java:20)\n\tat cucumber.runtime.java.JavaStepDefinition.execute(JavaStepDefinition.java:57)\n\tat cucumber.runner.PickleStepDefinitionMatch.runStep(PickleStepDefinitionMatch.java:50)\n\tat cucumber.runner.TestStep.executeStep(TestStep.java:63)\n\tat cucumber.runner.TestStep.run(TestStep.java:49)\n\tat cucumber.runner.PickleStepTestStep.run(PickleStepTestStep.java:43)\n\tat cucumber.runner.TestCase.run(TestCase.java:45)\n\tat cucumber.runner.Runner.runPickle(Runner.java:40)\n\tat cucumber.runtime.junit.PickleRunners$NoStepDescriptions.run(PickleRunners.java:146)\n\tat cucumber.runtime.junit.FeatureRunner.runChild(FeatureRunner.java:68)\n\tat cucumber.runtime.junit.FeatureRunner.runChild(FeatureRunner.java:23)\n\tat org.junit.runners.ParentRunner$3.run(ParentRunner.java:290)\n\tat org.junit.runners.ParentRunner$1.schedule(ParentRunner.java:71)\n\tat org.junit.runners.ParentRunner.runChildren(ParentRunner.java:288)\n\tat org.junit.runners.ParentRunner.access$000(ParentRunner.java:58)\n\tat org.junit.runners.ParentRunner$2.evaluate(ParentRunner.java:268)\n\tat org.junit.runners.ParentRunner.run(ParentRunner.java:363)\n\tat cucumber.runtime.junit.FeatureRunner.run(FeatureRunner.java:73)\n\tat cucumber.api.junit.Cucumber.runChild(Cucumber.java:122)\n\tat cucumber.api.junit.Cucumber.runChild(Cucumber.java:64)\n\tat org.junit.runners.ParentRunner$3.run(ParentRunner.java:290)\n\tat org.junit.runners.ParentRunner$1.schedule(ParentRunner.java:71)\n\tat org.junit.runners.ParentRunner.runChildren(ParentRunner.java:288)\n\tat org.junit.runners.ParentRunner.access$000(ParentRunner.java:58)\n\tat org.junit.runners.ParentRunner$2.evaluate(ParentRunner.java:268)\n\tat cucumber.api.junit.Cucumber$1.evaluate(Cucumber.java:131)\n\tat org.junit.internal.runners.statements.RunAfters.evaluate(RunAfters.java:27)\n\tat org.junit.runners.ParentRunner.run(ParentRunner.java:363)\n\tat org.apache.maven.surefire.junit4.JUnit4Provider.execute(JUnit4Provider.java:365)\n\tat org.apache.maven.surefire.junit4.JUnit4Provider.executeWithRerun(JUnit4Provider.java:273)\n\tat org.apache.maven.surefire.junit4.JUnit4Provider.executeTestSet(JUnit4Provider.java:238)\n\tat org.apache.maven.surefire.junit4.JUnit4Provider.invoke(JUnit4Provider.java:159)\n\tat org.apache.maven.surefire.booter.ForkedBooter.invokeProviderInSameClassLoader(ForkedBooter.java:384)\n\tat org.apache.maven.surefire.booter.ForkedBooter.runSuitesInProcess(ForkedBooter.java:345)\n\tat org.apache.maven.surefire.booter.ForkedBooter.execute(ForkedBooter.java:126)\n\tat org.apache.maven.surefire.booter.ForkedBooter.main(ForkedBooter.java:418)\nCaused by: org.openqa.selenium.WebDriverException: java.net.ConnectException: Failed to connect to localhost/127.0.0.1:31478\nBuild info: version: '3.141.59', revision: 'e82be7d358', time: '2018-11-14T08:17:03'\nSystem info: host: 'victor-X555LDB', ip: '127.0.1.1', os.name: 'Linux', os.arch: 'amd64', os.version: '6.2.3-060203-generic', java.version: '11.0.20.1'\nDriver info: driver.version: RemoteWebDriver\n\tat org.openqa.selenium.remote.service.DriverCommandExecutor.execute(DriverCommandExecutor.java:92)\n\tat org.openqa.selenium.remote.RemoteWebDriver.execute(RemoteWebDriver.java:552)\n\tat org.openqa.selenium.remote.RemoteWebElement.execute(RemoteWebElement.java:285)\n\tat org.openqa.selenium.remote.RemoteWebElement.click(RemoteWebElement.java:84)\n\tat com.codeborne.selenide.commands.Click.click(Click.java:26)\n\tat com.codeborne.selenide.commands.Click.execute(Click.java:13)\n\tat com.codeborne.selenide.commands.Click.execute(Click.java:9)\n\tat com.codeborne.selenide.commands.Commands.execute(Commands.java:144)\n\tat com.codeborne.selenide.impl.SelenideElementProxy.dispatchAndRetry(SelenideElementProxy.java:99)\n\t... 45 more\nCaused by: java.net.ConnectException: Failed to connect to localhost/127.0.0.1:31478\n\tat okhttp3.internal.connection.RealConnection.connectSocket(RealConnection.java:247)\n\tat okhttp3.internal.connection.RealConnection.connect(RealConnection.java:165)\n\tat okhttp3.internal.connection.StreamAllocation.findConnection(StreamAllocation.java:257)\n\tat okhttp3.internal.connection.StreamAllocation.findHealthyConnection(StreamAllocation.java:135)\n\tat okhttp3.internal.connection.StreamAllocation.newStream(StreamAllocation.java:114)\n\tat okhttp3.internal.connection.ConnectInterceptor.intercept(ConnectInterceptor.java:42)\n\tat okhttp3.internal.http.RealInterceptorChain.proceed(RealInterceptorChain.java:147)\n\tat okhttp3.internal.http.RealInterceptorChain.proceed(RealInterceptorChain.java:121)\n\tat okhttp3.internal.cache.CacheInterceptor.intercept(CacheInterceptor.java:93)\n\tat okhttp3.internal.http.RealInterceptorChain.proceed(RealInterceptorChain.java:147)\n\tat okhttp3.internal.http.RealInterceptorChain.proceed(RealInterceptorChain.java:121)\n\tat okhttp3.internal.http.BridgeInterceptor.intercept(BridgeInterceptor.java:93)\n\tat okhttp3.internal.http.RealInterceptorChain.proceed(RealInterceptorChain.java:147)\n\tat okhttp3.internal.http.RetryAndFollowUpInterceptor.intercept(RetryAndFollowUpInterceptor.java:126)\n\tat okhttp3.internal.http.RealInterceptorChain.proceed(RealInterceptorChain.java:147)\n\tat okhttp3.internal.http.RealInterceptorChain.proceed(RealInterceptorChain.java:121)\n\tat okhttp3.RealCall.getResponseWithInterceptorChain(RealCall.java:200)\n\tat okhttp3.RealCall.execute(RealCall.java:77)\n\tat org.openqa.selenium.remote.internal.OkHttpClient.execute(OkHttpClient.java:103)\n\tat org.openqa.selenium.remote.HttpCommandExecutor.execute(HttpCommandExecutor.java:155)\n\tat org.openqa.selenium.remote.service.DriverCommandExecutor.execute(DriverCommandExecutor.java:83)\n\t... 53 more\nCaused by: java.net.ConnectException: Conexión rehusada (Connection refused)\n\tat java.base/java.net.PlainSocketImpl.socketConnect(Native Method)\n\tat java.base/java.net.AbstractPlainSocketImpl.doConnect(AbstractPlainSocketImpl.java:412)\n\tat java.base/java.net.AbstractPlainSocketImpl.connectToAddress(AbstractPlainSocketImpl.java:255)\n\tat java.base/java.net.AbstractPlainSocketImpl.connect(AbstractPlainSocketImpl.java:237)\n\tat java.base/java.net.SocksSocketImpl.connect(SocksSocketImpl.java:392)\n\tat java.base/java.net.Socket.connect(Socket.java:609)\n\tat okhttp3.internal.platform.Platform.connectSocket(Platform.java:129)\n\tat okhttp3.internal.connection.RealConnection.connectSocket(RealConnection.java:245)\n\t... 73 more\n"},"stage":"finished","steps":[],"attachments":[],"parameters":[],"start":1694783652595,"stop":1694784874510}],"attachments":[],"parameters":[],"start":1694783651508,"stop":1694784874513},{"name":"Then  cuatro","status":"skipped","statusDetails":{"known":false,"muted":false,"flaky":false},"stage":"finished","steps":[],"attachments":[],"parameters":[],"start":1694784874514,"stop":1694784874514},{"name":"Then  CLICK THE FIRST option1","status":"skipped","statusDetails":{"known":false,"muted":false,"flaky":false},"stage":"finished","steps":[],"attachments":[],"parameters":[],"start":1694784874514,"stop":1694784874514}],"attachments":[],"parameters":[],"start":1694783646040,"stop":1694784874521,"uuid":"249f6f6a-cea4-4005-8730-25fb03ae1933","historyId":"b4c148212e0601b9069f6f605c8bb9e2","fullName":"Check the HomePage: user can search Shopery","labels":[{"name":"host","value":"victor-X555LDB"},{"name":"thread","value":"88404@victor-X555LDB.main(1)"},{"name":"feature","value":"Check the HomePage"},{"name":"story","value":"user can search Shopery"},{"name":"package","value":"src.test.resources.features.Check the HomePage"},{"name":"suite","value":"Check the HomePage"},{"name":"testClass","value":"user can search Shopery"},{"name":"framework","value":"cucumber4jvm"},{"name":"language","value":"java"},{"name":"gherkin_uri","value":"file:src/test/resources/features/HomeShopery.feature"}],"links":[]}