{"name":"user can navigate and search results in responsive mobile mode on www.telefonica.com","status":"failed","statusDetails":{"known":false,"muted":false,"flaky":false,"message":"Element not found {By.xpath: //*[@id=\"primary\"]/div[6]/div/div[11]/figure/blockquote}\nExpected: exist","trace":"Element not found {By.xpath: //*[@id=\"primary\"]/div[6]/div/div[11]/figure/blockquote}\nExpected: exist\nScreenshot: file:/home/victor/Escritorio/MASTER_Selenium_Allure/target/surefire-reports/1694733233843.2.png\nPage source: file:/home/victor/Escritorio/MASTER_Selenium_Allure/target/surefire-reports/1694733233843.2.html\nTimeout: 4 s.\nCaused by: NoSuchElementException: no such element: Unable to locate element: {\"method\":\"xpath\",\"selector\":\"//*[@id=\"primary\"]/div[6]/div/div[11]/figure/blockquote\"}\n\tat com.codeborne.selenide.impl.WebElementSource.createElementNotFoundError(WebElementSource.java:37)\n\tat com.codeborne.selenide.impl.ElementFinder.createElementNotFoundError(ElementFinder.java:100)\n\tat com.codeborne.selenide.impl.SelenideElementProxy.dispatchAndRetry(SelenideElementProxy.java:131)\n\tat com.codeborne.selenide.impl.SelenideElementProxy.invoke(SelenideElementProxy.java:65)\n\tat com.sun.proxy.$Proxy20.scrollTo(Unknown Source)\n\tat org.mouthaan.demo.steps.Telefónica.selectResult(Telefónica.java:82)\n\tat ✽.Check the Navigation and scrolling page(file:src/test/resources/features/Telefónica.feature:10)\nCaused by: org.openqa.selenium.NoSuchElementException: no such element: Unable to locate element: {\"method\":\"xpath\",\"selector\":\"//*[@id=\"primary\"]/div[6]/div/div[11]/figure/blockquote\"}\n  (Session info: chrome=117.0.5938.62)\nFor documentation on this error, please visit: https://www.seleniumhq.org/exceptions/no_such_element.html\nBuild info: version: '3.141.59', revision: 'e82be7d358', time: '2018-11-14T08:17:03'\nSystem info: host: 'victor-X555LDB', ip: '127.0.1.1', os.name: 'Linux', os.arch: 'amd64', os.version: '6.2.3-060203-generic', java.version: '11.0.20.1'\nDriver info: org.openqa.selenium.chrome.ChromeDriver\nCapabilities {acceptInsecureCerts: false, browserName: chrome, browserVersion: 117.0.5938.62, chrome: {chromedriverVersion: 117.0.5938.62 (25a7172909a4..., userDataDir: /tmp/.org.chromium.Chromium...}, fedcm:accounts: true, goog:chromeOptions: {debuggerAddress: localhost:33093}, javascriptEnabled: true, networkConnectionEnabled: false, pageLoadStrategy: normal, platform: LINUX, platformName: LINUX, proxy: Proxy(), setWindowRect: true, strictFileInteractability: false, timeouts: {implicit: 0, pageLoad: 300000, script: 30000}, unhandledPromptBehavior: dismiss and notify, webauthn:extension:credBlob: true, webauthn:extension:largeBlob: true, webauthn:extension:minPinLength: true, webauthn:extension:prf: true, webauthn:virtualAuthenticators: true}\nSession ID: d05ad985db692ddea4b9c27efa34f8aa\n*** Element info: {Using=xpath, value=//*[@id=\"primary\"]/div[6]/div/div[11]/figure/blockquote}\n\tat jdk.internal.reflect.GeneratedConstructorAccessor12.newInstance(Unknown Source)\n\tat java.base/jdk.internal.reflect.DelegatingConstructorAccessorImpl.newInstance(DelegatingConstructorAccessorImpl.java:45)\n\tat java.base/java.lang.reflect.Constructor.newInstance(Constructor.java:490)\n\tat org.openqa.selenium.remote.http.W3CHttpResponseCodec.createException(W3CHttpResponseCodec.java:187)\n\tat org.openqa.selenium.remote.http.W3CHttpResponseCodec.decode(W3CHttpResponseCodec.java:122)\n\tat org.openqa.selenium.remote.http.W3CHttpResponseCodec.decode(W3CHttpResponseCodec.java:49)\n\tat org.openqa.selenium.remote.HttpCommandExecutor.execute(HttpCommandExecutor.java:158)\n\tat org.openqa.selenium.remote.service.DriverCommandExecutor.execute(DriverCommandExecutor.java:83)\n\tat org.openqa.selenium.remote.RemoteWebDriver.execute(RemoteWebDriver.java:552)\n\tat org.openqa.selenium.remote.RemoteWebDriver.findElement(RemoteWebDriver.java:323)\n\tat org.openqa.selenium.remote.RemoteWebDriver.findElementByXPath(RemoteWebDriver.java:428)\n\tat org.openqa.selenium.By$ByXPath.findElement(By.java:353)\n\tat org.openqa.selenium.remote.RemoteWebDriver.findElement(RemoteWebDriver.java:315)\n\tat com.codeborne.selenide.impl.WebElementSelector.findElement(WebElementSelector.java:28)\n\tat com.codeborne.selenide.impl.ElementFinder.getWebElement(ElementFinder.java:74)\n\tat com.codeborne.selenide.commands.ScrollTo.execute(ScrollTo.java:12)\n\tat com.codeborne.selenide.commands.ScrollTo.execute(ScrollTo.java:9)\n\tat com.codeborne.selenide.commands.Commands.execute(Commands.java:144)\n\tat com.codeborne.selenide.impl.SelenideElementProxy.dispatchAndRetry(SelenideElementProxy.java:99)\n\tat com.codeborne.selenide.impl.SelenideElementProxy.invoke(SelenideElementProxy.java:65)\n\tat com.sun.proxy.$Proxy20.scrollTo(Unknown Source)\n\tat org.mouthaan.demo.steps.Telefónica.selectResult(Telefónica.java:82)\n\tat java.base/jdk.internal.reflect.NativeMethodAccessorImpl.invoke0(Native Method)\n\tat java.base/jdk.internal.reflect.NativeMethodAccessorImpl.invoke(NativeMethodAccessorImpl.java:62)\n\tat java.base/jdk.internal.reflect.DelegatingMethodAccessorImpl.invoke(DelegatingMethodAccessorImpl.java:43)\n\tat java.base/java.lang.reflect.Method.invoke(Method.java:566)\n\tat cucumber.runtime.Utils$1.call(Utils.java:26)\n\tat cucumber.runtime.Timeout.timeout(Timeout.java:16)\n\tat cucumber.runtime.Utils.invoke(Utils.java:20)\n\tat cucumber.runtime.java.JavaStepDefinition.execute(JavaStepDefinition.java:57)\n\tat cucumber.runner.PickleStepDefinitionMatch.runStep(PickleStepDefinitionMatch.java:50)\n\tat cucumber.runner.TestStep.executeStep(TestStep.java:63)\n\tat cucumber.runner.TestStep.run(TestStep.java:49)\n\tat cucumber.runner.PickleStepTestStep.run(PickleStepTestStep.java:43)\n\tat cucumber.runner.TestCase.run(TestCase.java:45)\n\tat cucumber.runner.Runner.runPickle(Runner.java:40)\n\tat cucumber.runtime.junit.PickleRunners$NoStepDescriptions.run(PickleRunners.java:146)\n\tat cucumber.runtime.junit.FeatureRunner.runChild(FeatureRunner.java:68)\n\tat cucumber.runtime.junit.FeatureRunner.runChild(FeatureRunner.java:23)\n\tat org.junit.runners.ParentRunner$3.run(ParentRunner.java:290)\n\tat org.junit.runners.ParentRunner$1.schedule(ParentRunner.java:71)\n\tat org.junit.runners.ParentRunner.runChildren(ParentRunner.java:288)\n\tat org.junit.runners.ParentRunner.access$000(ParentRunner.java:58)\n\tat org.junit.runners.ParentRunner$2.evaluate(ParentRunner.java:268)\n\tat org.junit.runners.ParentRunner.run(ParentRunner.java:363)\n\tat cucumber.runtime.junit.FeatureRunner.run(FeatureRunner.java:73)\n\tat cucumber.api.junit.Cucumber.runChild(Cucumber.java:122)\n\tat cucumber.api.junit.Cucumber.runChild(Cucumber.java:64)\n\tat org.junit.runners.ParentRunner$3.run(ParentRunner.java:290)\n\tat org.junit.runners.ParentRunner$1.schedule(ParentRunner.java:71)\n\tat org.junit.runners.ParentRunner.runChildren(ParentRunner.java:288)\n\tat org.junit.runners.ParentRunner.access$000(ParentRunner.java:58)\n\tat org.junit.runners.ParentRunner$2.evaluate(ParentRunner.java:268)\n\tat cucumber.api.junit.Cucumber$1.evaluate(Cucumber.java:131)\n\tat org.junit.internal.runners.statements.RunAfters.evaluate(RunAfters.java:27)\n\tat org.junit.runners.ParentRunner.run(ParentRunner.java:363)\n\tat org.apache.maven.surefire.junit4.JUnit4Provider.execute(JUnit4Provider.java:365)\n\tat org.apache.maven.surefire.junit4.JUnit4Provider.executeWithRerun(JUnit4Provider.java:273)\n\tat org.apache.maven.surefire.junit4.JUnit4Provider.executeTestSet(JUnit4Provider.java:238)\n\tat org.apache.maven.surefire.junit4.JUnit4Provider.invoke(JUnit4Provider.java:159)\n\tat org.apache.maven.surefire.booter.ForkedBooter.invokeProviderInSameClassLoader(ForkedBooter.java:384)\n\tat org.apache.maven.surefire.booter.ForkedBooter.runSuitesInProcess(ForkedBooter.java:345)\n\tat org.apache.maven.surefire.booter.ForkedBooter.execute(ForkedBooter.java:126)\n\tat org.apache.maven.surefire.booter.ForkedBooter.main(ForkedBooter.java:418)\n"},"stage":"finished","steps":[{"name":"Given  an open browser with www.telefonica.com","status":"passed","statusDetails":{"known":false,"muted":false,"flaky":false},"stage":"finished","steps":[{"name":"$(open) https://www.telefonica.com/es/","status":"passed","stage":"finished","steps":[],"attachments":[],"parameters":[],"start":1694733225075,"stop":1694733226117}],"attachments":[],"parameters":[],"start":1694733225065,"stop":1694733226117},{"name":"When  Check titles and accept cookies","status":"passed","statusDetails":{"known":false,"muted":false,"flaky":false},"stage":"finished","steps":[{"name":"$(By.xpath: //*[@id='onetrust-pc-btn-handler']) is displayed()","status":"passed","stage":"finished","steps":[],"attachments":[],"parameters":[],"start":1694733226118,"stop":1694733226211},{"name":"$(By.xpath: //*[@id='onetrust-pc-btn-handler']) should be(visible)","status":"passed","stage":"finished","steps":[],"attachments":[],"parameters":[],"start":1694733226212,"stop":1694733226292},{"name":"$(By.xpath: //*[@id='onetrust-pc-btn-handler']) click()","status":"passed","stage":"finished","steps":[],"attachments":[],"parameters":[],"start":1694733226292,"stop":1694733226448},{"name":"$(By.xpath: //*[@id='onetrust-pc-sdk']/div[3]/div[1]/div/button[1]) click()","status":"passed","stage":"finished","steps":[],"attachments":[],"parameters":[],"start":1694733226448,"stop":1694733226573},{"name":"$(By.xpath: //*[@id=\"primary\"]/div[4]/div/div/a) scroll to()","status":"passed","stage":"finished","steps":[],"attachments":[],"parameters":[],"start":1694733226573,"stop":1694733226665},{"name":"$(By.xpath: //*[@id=\"primary\"]/div[4]/div/div/a) should be(visible)","status":"passed","stage":"finished","steps":[],"attachments":[],"parameters":[],"start":1694733226665,"stop":1694733226746},{"name":"$(By.xpath: //*[@id=\"primary\"]/div[2]/div/div/div[2]/h2/a/span) scroll to()","status":"passed","stage":"finished","steps":[],"attachments":[],"parameters":[],"start":1694733226747,"stop":1694733226792},{"name":"$(By.xpath: //*[@id=\"primary\"]/div[2]/div/div/div[2]/h2/a/span) should be(visible)","status":"passed","stage":"finished","steps":[],"attachments":[],"parameters":[],"start":1694733226793,"stop":1694733226870},{"name":"$(By.xpath: //*[@id=\"primary\"]/div[4]/div/div/a) scroll to()","status":"passed","stage":"finished","steps":[],"attachments":[],"parameters":[],"start":1694733226870,"stop":1694733226912},{"name":"$(By.xpath: //*[@id=\"primary\"]/div[4]/div/div/a) should be(visible)","status":"passed","stage":"finished","steps":[],"attachments":[],"parameters":[],"start":1694733226912,"stop":1694733227000},{"name":"$(By.xpath: //*[@id=\"primary\"]/div[6]/div/div[1]/div/h2) scroll to()","status":"passed","stage":"finished","steps":[],"attachments":[],"parameters":[],"start":1694733227000,"stop":1694733227041},{"name":"$(By.xpath: //*[@id=\"primary\"]/div[6]/div/div[1]/div/h2) should be(visible)","status":"passed","stage":"finished","steps":[],"attachments":[],"parameters":[],"start":1694733227041,"stop":1694733227071}],"attachments":[],"parameters":[],"start":1694733226117,"stop":1694733227071},{"name":"Then  Check main navigation and select Services","status":"passed","statusDetails":{"known":false,"muted":false,"flaky":false},"stage":"finished","steps":[{"name":"$(By.xpath: //*[@id='barritaloca']/div/div/button[2]) is displayed()","status":"passed","stage":"finished","steps":[],"attachments":[],"parameters":[],"start":1694733227071,"stop":1694733227098},{"name":"$(By.xpath: //*[@id='tf-main-toggle']) click()","status":"passed","stage":"finished","steps":[],"attachments":[],"parameters":[],"start":1694733227098,"stop":1694733228570}],"attachments":[],"parameters":[],"start":1694733227071,"stop":1694733229571},{"name":"Then  Check main navigation and select Particulars","status":"passed","statusDetails":{"known":false,"muted":false,"flaky":false},"stage":"finished","steps":[{"name":"$(By.xpath: //*[@id=\"primary\"]/div[6]/div/div[1]/div/h2) scroll to()","status":"passed","stage":"finished","steps":[],"attachments":[],"parameters":[],"start":1694733229572,"stop":1694733229603}],"attachments":[],"parameters":[],"start":1694733229571,"stop":1694733229604},{"name":"Then  Check the Navigation and scrolling page","status":"failed","statusDetails":{"known":false,"muted":false,"flaky":false,"message":"Element not found {By.xpath: //*[@id=\"primary\"]/div[6]/div/div[11]/figure/blockquote}\nExpected: exist","trace":"Element not found {By.xpath: //*[@id=\"primary\"]/div[6]/div/div[11]/figure/blockquote}\nExpected: exist\nScreenshot: file:/home/victor/Escritorio/MASTER_Selenium_Allure/target/surefire-reports/1694733233843.2.png\nPage source: file:/home/victor/Escritorio/MASTER_Selenium_Allure/target/surefire-reports/1694733233843.2.html\nTimeout: 4 s.\nCaused by: NoSuchElementException: no such element: Unable to locate element: {\"method\":\"xpath\",\"selector\":\"//*[@id=\"primary\"]/div[6]/div/div[11]/figure/blockquote\"}\n\tat com.codeborne.selenide.impl.WebElementSource.createElementNotFoundError(WebElementSource.java:37)\n\tat com.codeborne.selenide.impl.ElementFinder.createElementNotFoundError(ElementFinder.java:100)\n\tat com.codeborne.selenide.impl.SelenideElementProxy.dispatchAndRetry(SelenideElementProxy.java:131)\n\tat com.codeborne.selenide.impl.SelenideElementProxy.invoke(SelenideElementProxy.java:65)\n\tat com.sun.proxy.$Proxy20.scrollTo(Unknown Source)\n\tat org.mouthaan.demo.steps.Telefónica.selectResult(Telefónica.java:82)\n\tat ✽.Check the Navigation and scrolling page(file:src/test/resources/features/Telefónica.feature:10)\nCaused by: org.openqa.selenium.NoSuchElementException: no such element: Unable to locate element: {\"method\":\"xpath\",\"selector\":\"//*[@id=\"primary\"]/div[6]/div/div[11]/figure/blockquote\"}\n  (Session info: chrome=117.0.5938.62)\nFor documentation on this error, please visit: https://www.seleniumhq.org/exceptions/no_such_element.html\nBuild info: version: '3.141.59', revision: 'e82be7d358', time: '2018-11-14T08:17:03'\nSystem info: host: 'victor-X555LDB', ip: '127.0.1.1', os.name: 'Linux', os.arch: 'amd64', os.version: '6.2.3-060203-generic', java.version: '11.0.20.1'\nDriver info: org.openqa.selenium.chrome.ChromeDriver\nCapabilities {acceptInsecureCerts: false, browserName: chrome, browserVersion: 117.0.5938.62, chrome: {chromedriverVersion: 117.0.5938.62 (25a7172909a4..., userDataDir: /tmp/.org.chromium.Chromium...}, fedcm:accounts: true, goog:chromeOptions: {debuggerAddress: localhost:33093}, javascriptEnabled: true, networkConnectionEnabled: false, pageLoadStrategy: normal, platform: LINUX, platformName: LINUX, proxy: Proxy(), setWindowRect: true, strictFileInteractability: false, timeouts: {implicit: 0, pageLoad: 300000, script: 30000}, unhandledPromptBehavior: dismiss and notify, webauthn:extension:credBlob: true, webauthn:extension:largeBlob: true, webauthn:extension:minPinLength: true, webauthn:extension:prf: true, webauthn:virtualAuthenticators: true}\nSession ID: d05ad985db692ddea4b9c27efa34f8aa\n*** Element info: {Using=xpath, value=//*[@id=\"primary\"]/div[6]/div/div[11]/figure/blockquote}\n\tat jdk.internal.reflect.GeneratedConstructorAccessor12.newInstance(Unknown Source)\n\tat java.base/jdk.internal.reflect.DelegatingConstructorAccessorImpl.newInstance(DelegatingConstructorAccessorImpl.java:45)\n\tat java.base/java.lang.reflect.Constructor.newInstance(Constructor.java:490)\n\tat org.openqa.selenium.remote.http.W3CHttpResponseCodec.createException(W3CHttpResponseCodec.java:187)\n\tat org.openqa.selenium.remote.http.W3CHttpResponseCodec.decode(W3CHttpResponseCodec.java:122)\n\tat org.openqa.selenium.remote.http.W3CHttpResponseCodec.decode(W3CHttpResponseCodec.java:49)\n\tat org.openqa.selenium.remote.HttpCommandExecutor.execute(HttpCommandExecutor.java:158)\n\tat org.openqa.selenium.remote.service.DriverCommandExecutor.execute(DriverCommandExecutor.java:83)\n\tat org.openqa.selenium.remote.RemoteWebDriver.execute(RemoteWebDriver.java:552)\n\tat org.openqa.selenium.remote.RemoteWebDriver.findElement(RemoteWebDriver.java:323)\n\tat org.openqa.selenium.remote.RemoteWebDriver.findElementByXPath(RemoteWebDriver.java:428)\n\tat org.openqa.selenium.By$ByXPath.findElement(By.java:353)\n\tat org.openqa.selenium.remote.RemoteWebDriver.findElement(RemoteWebDriver.java:315)\n\tat com.codeborne.selenide.impl.WebElementSelector.findElement(WebElementSelector.java:28)\n\tat com.codeborne.selenide.impl.ElementFinder.getWebElement(ElementFinder.java:74)\n\tat com.codeborne.selenide.commands.ScrollTo.execute(ScrollTo.java:12)\n\tat com.codeborne.selenide.commands.ScrollTo.execute(ScrollTo.java:9)\n\tat com.codeborne.selenide.commands.Commands.execute(Commands.java:144)\n\tat com.codeborne.selenide.impl.SelenideElementProxy.dispatchAndRetry(SelenideElementProxy.java:99)\n\tat com.codeborne.selenide.impl.SelenideElementProxy.invoke(SelenideElementProxy.java:65)\n\tat com.sun.proxy.$Proxy20.scrollTo(Unknown Source)\n\tat org.mouthaan.demo.steps.Telefónica.selectResult(Telefónica.java:82)\n\tat java.base/jdk.internal.reflect.NativeMethodAccessorImpl.invoke0(Native Method)\n\tat java.base/jdk.internal.reflect.NativeMethodAccessorImpl.invoke(NativeMethodAccessorImpl.java:62)\n\tat java.base/jdk.internal.reflect.DelegatingMethodAccessorImpl.invoke(DelegatingMethodAccessorImpl.java:43)\n\tat java.base/java.lang.reflect.Method.invoke(Method.java:566)\n\tat cucumber.runtime.Utils$1.call(Utils.java:26)\n\tat cucumber.runtime.Timeout.timeout(Timeout.java:16)\n\tat cucumber.runtime.Utils.invoke(Utils.java:20)\n\tat cucumber.runtime.java.JavaStepDefinition.execute(JavaStepDefinition.java:57)\n\tat cucumber.runner.PickleStepDefinitionMatch.runStep(PickleStepDefinitionMatch.java:50)\n\tat cucumber.runner.TestStep.executeStep(TestStep.java:63)\n\tat cucumber.runner.TestStep.run(TestStep.java:49)\n\tat cucumber.runner.PickleStepTestStep.run(PickleStepTestStep.java:43)\n\tat cucumber.runner.TestCase.run(TestCase.java:45)\n\tat cucumber.runner.Runner.runPickle(Runner.java:40)\n\tat cucumber.runtime.junit.PickleRunners$NoStepDescriptions.run(PickleRunners.java:146)\n\tat cucumber.runtime.junit.FeatureRunner.runChild(FeatureRunner.java:68)\n\tat cucumber.runtime.junit.FeatureRunner.runChild(FeatureRunner.java:23)\n\tat org.junit.runners.ParentRunner$3.run(ParentRunner.java:290)\n\tat org.junit.runners.ParentRunner$1.schedule(ParentRunner.java:71)\n\tat org.junit.runners.ParentRunner.runChildren(ParentRunner.java:288)\n\tat org.junit.runners.ParentRunner.access$000(ParentRunner.java:58)\n\tat org.junit.runners.ParentRunner$2.evaluate(ParentRunner.java:268)\n\tat org.junit.runners.ParentRunner.run(ParentRunner.java:363)\n\tat cucumber.runtime.junit.FeatureRunner.run(FeatureRunner.java:73)\n\tat cucumber.api.junit.Cucumber.runChild(Cucumber.java:122)\n\tat cucumber.api.junit.Cucumber.runChild(Cucumber.java:64)\n\tat org.junit.runners.ParentRunner$3.run(ParentRunner.java:290)\n\tat org.junit.runners.ParentRunner$1.schedule(ParentRunner.java:71)\n\tat org.junit.runners.ParentRunner.runChildren(ParentRunner.java:288)\n\tat org.junit.runners.ParentRunner.access$000(ParentRunner.java:58)\n\tat org.junit.runners.ParentRunner$2.evaluate(ParentRunner.java:268)\n\tat cucumber.api.junit.Cucumber$1.evaluate(Cucumber.java:131)\n\tat org.junit.internal.runners.statements.RunAfters.evaluate(RunAfters.java:27)\n\tat org.junit.runners.ParentRunner.run(ParentRunner.java:363)\n\tat org.apache.maven.surefire.junit4.JUnit4Provider.execute(JUnit4Provider.java:365)\n\tat org.apache.maven.surefire.junit4.JUnit4Provider.executeWithRerun(JUnit4Provider.java:273)\n\tat org.apache.maven.surefire.junit4.JUnit4Provider.executeTestSet(JUnit4Provider.java:238)\n\tat org.apache.maven.surefire.junit4.JUnit4Provider.invoke(JUnit4Provider.java:159)\n\tat org.apache.maven.surefire.booter.ForkedBooter.invokeProviderInSameClassLoader(ForkedBooter.java:384)\n\tat org.apache.maven.surefire.booter.ForkedBooter.runSuitesInProcess(ForkedBooter.java:345)\n\tat org.apache.maven.surefire.booter.ForkedBooter.execute(ForkedBooter.java:126)\n\tat org.apache.maven.surefire.booter.ForkedBooter.main(ForkedBooter.java:418)\n"},"stage":"finished","steps":[{"name":"$(By.xpath: //*[@id=\"primary\"]/div[6]/div/div[4]/div[1]/div/div/h3) scroll to()","status":"passed","stage":"finished","steps":[],"attachments":[],"parameters":[],"start":1694733229604,"stop":1694733229640},{"name":"$(By.xpath: //*[@id=\"primary\"]/div[6]/div/div[4]/div[1]/div/div/h3) scroll to()","status":"passed","stage":"finished","steps":[],"attachments":[],"parameters":[],"start":1694733229641,"stop":1694733229671},{"name":"$(By.xpath: //*[@id=\"primary\"]/div[6]/div/div[11]/figure/blockquote) scroll to()","status":"failed","statusDetails":{"known":false,"muted":false,"flaky":false,"message":"Element not found {By.xpath: //*[@id=\"primary\"]/div[6]/div/div[11]/figure/blockquote}\nExpected: exist","trace":"Element not found {By.xpath: //*[@id=\"primary\"]/div[6]/div/div[11]/figure/blockquote}\nExpected: exist\nScreenshot: file:/home/victor/Escritorio/MASTER_Selenium_Allure/target/surefire-reports/1694733233843.2.png\nPage source: file:/home/victor/Escritorio/MASTER_Selenium_Allure/target/surefire-reports/1694733233843.2.html\nTimeout: 4 s.\nCaused by: NoSuchElementException: no such element: Unable to locate element: {\"method\":\"xpath\",\"selector\":\"//*[@id=\"primary\"]/div[6]/div/div[11]/figure/blockquote\"}\n\tat com.codeborne.selenide.impl.WebElementSource.createElementNotFoundError(WebElementSource.java:37)\n\tat com.codeborne.selenide.impl.ElementFinder.createElementNotFoundError(ElementFinder.java:100)\n\tat com.codeborne.selenide.impl.SelenideElementProxy.dispatchAndRetry(SelenideElementProxy.java:131)\n\tat com.codeborne.selenide.impl.SelenideElementProxy.invoke(SelenideElementProxy.java:65)\n\tat com.sun.proxy.$Proxy20.scrollTo(Unknown Source)\n\tat org.mouthaan.demo.steps.Telefónica.selectResult(Telefónica.java:82)\n\tat java.base/jdk.internal.reflect.NativeMethodAccessorImpl.invoke0(Native Method)\n\tat java.base/jdk.internal.reflect.NativeMethodAccessorImpl.invoke(NativeMethodAccessorImpl.java:62)\n\tat java.base/jdk.internal.reflect.DelegatingMethodAccessorImpl.invoke(DelegatingMethodAccessorImpl.java:43)\n\tat java.base/java.lang.reflect.Method.invoke(Method.java:566)\n\tat cucumber.runtime.Utils$1.call(Utils.java:26)\n\tat cucumber.runtime.Timeout.timeout(Timeout.java:16)\n\tat cucumber.runtime.Utils.invoke(Utils.java:20)\n\tat cucumber.runtime.java.JavaStepDefinition.execute(JavaStepDefinition.java:57)\n\tat cucumber.runner.PickleStepDefinitionMatch.runStep(PickleStepDefinitionMatch.java:50)\n\tat cucumber.runner.TestStep.executeStep(TestStep.java:63)\n\tat cucumber.runner.TestStep.run(TestStep.java:49)\n\tat cucumber.runner.PickleStepTestStep.run(PickleStepTestStep.java:43)\n\tat cucumber.runner.TestCase.run(TestCase.java:45)\n\tat cucumber.runner.Runner.runPickle(Runner.java:40)\n\tat cucumber.runtime.junit.PickleRunners$NoStepDescriptions.run(PickleRunners.java:146)\n\tat cucumber.runtime.junit.FeatureRunner.runChild(FeatureRunner.java:68)\n\tat cucumber.runtime.junit.FeatureRunner.runChild(FeatureRunner.java:23)\n\tat org.junit.runners.ParentRunner$3.run(ParentRunner.java:290)\n\tat org.junit.runners.ParentRunner$1.schedule(ParentRunner.java:71)\n\tat org.junit.runners.ParentRunner.runChildren(ParentRunner.java:288)\n\tat org.junit.runners.ParentRunner.access$000(ParentRunner.java:58)\n\tat org.junit.runners.ParentRunner$2.evaluate(ParentRunner.java:268)\n\tat org.junit.runners.ParentRunner.run(ParentRunner.java:363)\n\tat cucumber.runtime.junit.FeatureRunner.run(FeatureRunner.java:73)\n\tat cucumber.api.junit.Cucumber.runChild(Cucumber.java:122)\n\tat cucumber.api.junit.Cucumber.runChild(Cucumber.java:64)\n\tat org.junit.runners.ParentRunner$3.run(ParentRunner.java:290)\n\tat org.junit.runners.ParentRunner$1.schedule(ParentRunner.java:71)\n\tat org.junit.runners.ParentRunner.runChildren(ParentRunner.java:288)\n\tat org.junit.runners.ParentRunner.access$000(ParentRunner.java:58)\n\tat org.junit.runners.ParentRunner$2.evaluate(ParentRunner.java:268)\n\tat cucumber.api.junit.Cucumber$1.evaluate(Cucumber.java:131)\n\tat org.junit.internal.runners.statements.RunAfters.evaluate(RunAfters.java:27)\n\tat org.junit.runners.ParentRunner.run(ParentRunner.java:363)\n\tat org.apache.maven.surefire.junit4.JUnit4Provider.execute(JUnit4Provider.java:365)\n\tat org.apache.maven.surefire.junit4.JUnit4Provider.executeWithRerun(JUnit4Provider.java:273)\n\tat org.apache.maven.surefire.junit4.JUnit4Provider.executeTestSet(JUnit4Provider.java:238)\n\tat org.apache.maven.surefire.junit4.JUnit4Provider.invoke(JUnit4Provider.java:159)\n\tat org.apache.maven.surefire.booter.ForkedBooter.invokeProviderInSameClassLoader(ForkedBooter.java:384)\n\tat org.apache.maven.surefire.booter.ForkedBooter.runSuitesInProcess(ForkedBooter.java:345)\n\tat org.apache.maven.surefire.booter.ForkedBooter.execute(ForkedBooter.java:126)\n\tat org.apache.maven.surefire.booter.ForkedBooter.main(ForkedBooter.java:418)\nCaused by: org.openqa.selenium.NoSuchElementException: no such element: Unable to locate element: {\"method\":\"xpath\",\"selector\":\"//*[@id=\"primary\"]/div[6]/div/div[11]/figure/blockquote\"}\n  (Session info: chrome=117.0.5938.62)\nFor documentation on this error, please visit: https://www.seleniumhq.org/exceptions/no_such_element.html\nBuild info: version: '3.141.59', revision: 'e82be7d358', time: '2018-11-14T08:17:03'\nSystem info: host: 'victor-X555LDB', ip: '127.0.1.1', os.name: 'Linux', os.arch: 'amd64', os.version: '6.2.3-060203-generic', java.version: '11.0.20.1'\nDriver info: org.openqa.selenium.chrome.ChromeDriver\nCapabilities {acceptInsecureCerts: false, browserName: chrome, browserVersion: 117.0.5938.62, chrome: {chromedriverVersion: 117.0.5938.62 (25a7172909a4..., userDataDir: /tmp/.org.chromium.Chromium...}, fedcm:accounts: true, goog:chromeOptions: {debuggerAddress: localhost:33093}, javascriptEnabled: true, networkConnectionEnabled: false, pageLoadStrategy: normal, platform: LINUX, platformName: LINUX, proxy: Proxy(), setWindowRect: true, strictFileInteractability: false, timeouts: {implicit: 0, pageLoad: 300000, script: 30000}, unhandledPromptBehavior: dismiss and notify, webauthn:extension:credBlob: true, webauthn:extension:largeBlob: true, webauthn:extension:minPinLength: true, webauthn:extension:prf: true, webauthn:virtualAuthenticators: true}\nSession ID: d05ad985db692ddea4b9c27efa34f8aa\n*** Element info: {Using=xpath, value=//*[@id=\"primary\"]/div[6]/div/div[11]/figure/blockquote}\n\tat jdk.internal.reflect.GeneratedConstructorAccessor12.newInstance(Unknown Source)\n\tat java.base/jdk.internal.reflect.DelegatingConstructorAccessorImpl.newInstance(DelegatingConstructorAccessorImpl.java:45)\n\tat java.base/java.lang.reflect.Constructor.newInstance(Constructor.java:490)\n\tat org.openqa.selenium.remote.http.W3CHttpResponseCodec.createException(W3CHttpResponseCodec.java:187)\n\tat org.openqa.selenium.remote.http.W3CHttpResponseCodec.decode(W3CHttpResponseCodec.java:122)\n\tat org.openqa.selenium.remote.http.W3CHttpResponseCodec.decode(W3CHttpResponseCodec.java:49)\n\tat org.openqa.selenium.remote.HttpCommandExecutor.execute(HttpCommandExecutor.java:158)\n\tat org.openqa.selenium.remote.service.DriverCommandExecutor.execute(DriverCommandExecutor.java:83)\n\tat org.openqa.selenium.remote.RemoteWebDriver.execute(RemoteWebDriver.java:552)\n\tat org.openqa.selenium.remote.RemoteWebDriver.findElement(RemoteWebDriver.java:323)\n\tat org.openqa.selenium.remote.RemoteWebDriver.findElementByXPath(RemoteWebDriver.java:428)\n\tat org.openqa.selenium.By$ByXPath.findElement(By.java:353)\n\tat org.openqa.selenium.remote.RemoteWebDriver.findElement(RemoteWebDriver.java:315)\n\tat com.codeborne.selenide.impl.WebElementSelector.findElement(WebElementSelector.java:28)\n\tat com.codeborne.selenide.impl.ElementFinder.getWebElement(ElementFinder.java:74)\n\tat com.codeborne.selenide.commands.ScrollTo.execute(ScrollTo.java:12)\n\tat com.codeborne.selenide.commands.ScrollTo.execute(ScrollTo.java:9)\n\tat com.codeborne.selenide.commands.Commands.execute(Commands.java:144)\n\tat com.codeborne.selenide.impl.SelenideElementProxy.dispatchAndRetry(SelenideElementProxy.java:99)\n\t... 45 more\n"},"stage":"finished","steps":[],"attachments":[{"name":"Screenshot","source":"6f2dbfc3-c000-4fbf-ac11-8eb8321847fe-attachment.png","type":"image/png"}],"parameters":[],"start":1694733229671,"stop":1694733234107}],"attachments":[],"parameters":[],"start":1694733229604,"stop":1694733234108},{"name":"Then  Check the contact button","status":"skipped","statusDetails":{"known":false,"muted":false,"flaky":false},"stage":"finished","steps":[],"attachments":[],"parameters":[],"start":1694733234108,"stop":1694733234108},{"name":"Then  Click on logo and navigate to stock","status":"skipped","statusDetails":{"known":false,"muted":false,"flaky":false},"stage":"finished","steps":[],"attachments":[],"parameters":[],"start":1694733234109,"stop":1694733234109}],"attachments":[],"parameters":[],"start":1694733225064,"stop":1694733234111,"uuid":"37d8f7c9-b420-4f21-84c6-561dc89ae2f5","historyId":"f54fdf86f4396efe47a80446bd9fb7ce","fullName":"Check the www.telefonica.com: user can navigate and search results in responsive mobile mode on www.telefonica.com","labels":[{"name":"tag","value":"Telefonica"},{"name":"host","value":"victor-X555LDB"},{"name":"thread","value":"22792@victor-X555LDB.main(1)"},{"name":"feature","value":"Check the www.telefonica.com"},{"name":"story","value":"user can navigate and search results in responsive mobile mode on www.telefonica.com"},{"name":"package","value":"src.test.resources.features.Check the www.telefonica.com"},{"name":"suite","value":"Check the www.telefonica.com"},{"name":"testClass","value":"user can navigate and search results in responsive mobile mode on www.telefonica.com"},{"name":"framework","value":"cucumber4jvm"},{"name":"language","value":"java"},{"name":"gherkin_uri","value":"file:src/test/resources/features/Telefónica.feature"}],"links":[]}