<?xml version="1.0" encoding="UTF-8"?>
<testsuite xmlns:xsi="http://www.w3.org/2001/XMLSchema-instance" xsi:noNamespaceSchemaLocation="https://maven.apache.org/surefire/maven-failsafe-plugin/xsd/failsafe-test-report-3.0.xsd" version="3.0" name="org.mouthaan.demo.RunCucumberIT" time="108.463" tests="13" errors="0" skipped="0" failures="5">
  <properties>
    <property name="sun.desktop" value="gnome"/>
    <property name="awt.toolkit" value="sun.awt.X11.XToolkit"/>
    <property name="java.specification.version" value="11"/>
    <property name="sun.cpu.isalist" value=""/>
    <property name="sun.jnu.encoding" value="UTF-8"/>
    <property name="java.class.path" value="/home/victor/Escritorio/MASTER_Selenium_Allure/target/test-classes:/home/victor/Escritorio/MASTER_Selenium_Allure/target/allure-cucumber-1.0-SNAPSHOT.jar:/home/victor/.m2/repository/io/cucumber/cucumber-junit/4.2.4/cucumber-junit-4.2.4.jar:/home/victor/.m2/repository/io/cucumber/cucumber-core/4.2.4/cucumber-core-4.2.4.jar:/home/victor/.m2/repository/io/cucumber/cucumber-html/0.2.7/cucumber-html-0.2.7.jar:/home/victor/.m2/repository/io/cucumber/gherkin/5.1.0/gherkin-5.1.0.jar:/home/victor/.m2/repository/io/cucumber/tag-expressions/1.1.1/tag-expressions-1.1.1.jar:/home/victor/.m2/repository/io/cucumber/cucumber-expressions/6.2.0/cucumber-expressions-6.2.0.jar:/home/victor/.m2/repository/io/cucumber/datatable/1.1.12/datatable-1.1.12.jar:/home/victor/.m2/repository/io/cucumber/datatable-dependencies/1.1.12/datatable-dependencies-1.1.12.jar:/home/victor/.m2/repository/junit/junit/4.12/junit-4.12.jar:/home/victor/.m2/repository/io/github/bonigarcia/webdrivermanager/5.5.3/webdrivermanager-5.5.3.jar:/home/victor/.m2/repository/org/slf4j/slf4j-api/2.0.7/slf4j-api-2.0.7.jar:/home/victor/.m2/repository/com/google/code/gson/gson/2.10.1/gson-2.10.1.jar:/home/victor/.m2/repository/com/github/docker-java/docker-java/3.3.3/docker-java-3.3.3.jar:/home/victor/.m2/repository/com/github/docker-java/docker-java-core/3.3.3/docker-java-core-3.3.3.jar:/home/victor/.m2/repository/com/github/docker-java/docker-java-api/3.3.3/docker-java-api-3.3.3.jar:/home/victor/.m2/repository/commons-io/commons-io/2.6/commons-io-2.6.jar:/home/victor/.m2/repository/org/apache/commons/commons-compress/1.21/commons-compress-1.21.jar:/home/victor/.m2/repository/org/bouncycastle/bcpkix-jdk18on/1.75/bcpkix-jdk18on-1.75.jar:/home/victor/.m2/repository/org/bouncycastle/bcprov-jdk18on/1.75/bcprov-jdk18on-1.75.jar:/home/victor/.m2/repository/org/bouncycastle/bcutil-jdk18on/1.75/bcutil-jdk18on-1.75.jar:/home/victor/.m2/repository/org/slf4j/jcl-over-slf4j/1.7.30/jcl-over-slf4j-1.7.30.jar:/home/victor/.m2/repository/com/github/docker-java/docker-java-transport-httpclient5/3.3.3/docker-java-transport-httpclient5-3.3.3.jar:/home/victor/.m2/repository/com/github/docker-java/docker-java-transport/3.3.3/docker-java-transport-3.3.3.jar:/home/victor/.m2/repository/net/java/dev/jna/jna/5.12.1/jna-5.12.1.jar:/home/victor/.m2/repository/org/brotli/dec/0.1.2/dec-0.1.2.jar:/home/victor/.m2/repository/org/apache/commons/commons-lang3/3.13.0/commons-lang3-3.13.0.jar:/home/victor/.m2/repository/org/apache/httpcomponents/client5/httpclient5/5.2.1/httpclient5-5.2.1.jar:/home/victor/.m2/repository/org/apache/httpcomponents/core5/httpcore5/5.2/httpcore5-5.2.jar:/home/victor/.m2/repository/org/apache/httpcomponents/core5/httpcore5-h2/5.2/httpcore5-h2-5.2.jar:/home/victor/.m2/repository/org/projectlombok/lombok/1.18.4/lombok-1.18.4.jar:/home/victor/.m2/repository/com/codeborne/selenide/5.2.8/selenide-5.2.8.jar:/home/victor/.m2/repository/org/seleniumhq/selenium/selenium-java/3.141.59/selenium-java-3.141.59.jar:/home/victor/.m2/repository/org/seleniumhq/selenium/selenium-api/3.141.59/selenium-api-3.141.59.jar:/home/victor/.m2/repository/org/seleniumhq/selenium/selenium-chrome-driver/3.141.59/selenium-chrome-driver-3.141.59.jar:/home/victor/.m2/repository/org/seleniumhq/selenium/selenium-edge-driver/3.141.59/selenium-edge-driver-3.141.59.jar:/home/victor/.m2/repository/org/seleniumhq/selenium/selenium-firefox-driver/3.141.59/selenium-firefox-driver-3.141.59.jar:/home/victor/.m2/repository/org/seleniumhq/selenium/selenium-ie-driver/3.141.59/selenium-ie-driver-3.141.59.jar:/home/victor/.m2/repository/org/seleniumhq/selenium/selenium-opera-driver/3.141.59/selenium-opera-driver-3.141.59.jar:/home/victor/.m2/repository/org/seleniumhq/selenium/selenium-remote-driver/3.141.59/selenium-remote-driver-3.141.59.jar:/home/victor/.m2/repository/org/seleniumhq/selenium/selenium-safari-driver/3.141.59/selenium-safari-driver-3.141.59.jar:/home/victor/.m2/repository/org/seleniumhq/selenium/selenium-support/3.141.59/selenium-support-3.141.59.jar:/home/victor/.m2/repository/org/apache/commons/commons-exec/1.3/commons-exec-1.3.jar:/home/victor/.m2/repository/com/google/guava/guava/25.0-jre/guava-25.0-jre.jar:/home/victor/.m2/repository/com/google/code/findbugs/jsr305/1.3.9/jsr305-1.3.9.jar:/home/victor/.m2/repository/org/checkerframework/checker-compat-qual/2.0.0/checker-compat-qual-2.0.0.jar:/home/victor/.m2/repository/com/google/errorprone/error_prone_annotations/2.1.3/error_prone_annotations-2.1.3.jar:/home/victor/.m2/repository/com/google/j2objc/j2objc-annotations/1.1/j2objc-annotations-1.1.jar:/home/victor/.m2/repository/org/codehaus/mojo/animal-sniffer-annotations/1.14/animal-sniffer-annotations-1.14.jar:/home/victor/.m2/repository/com/squareup/okhttp3/okhttp/3.11.0/okhttp-3.11.0.jar:/home/victor/.m2/repository/com/squareup/okio/okio/1.14.0/okio-1.14.0.jar:/home/victor/.m2/repository/net/lightbody/bmp/browsermob-core/2.1.5/browsermob-core-2.1.5.jar:/home/victor/.m2/repository/net/lightbody/bmp/littleproxy/1.1.0-beta-bmp-17/littleproxy-1.1.0-beta-bmp-17.jar:/home/victor/.m2/repository/com/fasterxml/jackson/core/jackson-core/2.8.9/jackson-core-2.8.9.jar:/home/victor/.m2/repository/com/fasterxml/jackson/core/jackson-databind/2.8.9/jackson-databind-2.8.9.jar:/home/victor/.m2/repository/com/fasterxml/jackson/core/jackson-annotations/2.8.9/jackson-annotations-2.8.9.jar:/home/victor/.m2/repository/dnsjava/dnsjava/2.1.8/dnsjava-2.1.8.jar:/home/victor/.m2/repository/com/jcraft/jzlib/1.1.3/jzlib-1.1.3.jar:/home/victor/.m2/repository/io/netty/netty-all/4.0.51.Final/netty-all-4.0.51.Final.jar:/home/victor/.m2/repository/org/bouncycastle/bcprov-jdk15on/1.58/bcprov-jdk15on-1.58.jar:/home/victor/.m2/repository/org/bouncycastle/bcpkix-jdk15on/1.58/bcpkix-jdk15on-1.58.jar:/home/victor/.m2/repository/net/lightbody/bmp/mitm/2.1.5/mitm-2.1.5.jar:/home/victor/.m2/repository/org/slf4j/slf4j-nop/1.7.25/slf4j-nop-1.7.25.jar:/home/victor/.m2/repository/io/qameta/allure/allure-junit4/2.12.1/allure-junit4-2.12.1.jar:/home/victor/.m2/repository/io/qameta/allure/allure-java-commons/2.12.1/allure-java-commons-2.12.1.jar:/home/victor/.m2/repository/io/qameta/allure/allure-model/2.12.1/allure-model-2.12.1.jar:/home/victor/.m2/repository/org/apache/tika/tika-core/1.20/tika-core-1.20.jar:/home/victor/.m2/repository/org/jooq/joor-java-8/0.9.10/joor-java-8-0.9.10.jar:/home/victor/.m2/repository/io/qameta/allure/allure-cucumber4-jvm/2.12.1/allure-cucumber4-jvm-2.12.1.jar:/home/victor/.m2/repository/io/cucumber/cucumber-java/4.2.4/cucumber-java-4.2.4.jar:/home/victor/.m2/repository/io/qameta/allure/allure-selenide/2.12.1/allure-selenide-2.12.1.jar:/home/victor/.m2/repository/io/rest-assured/rest-assured/4.0.0/rest-assured-4.0.0.jar:/home/victor/.m2/repository/org/codehaus/groovy/groovy/2.5.6/groovy-2.5.6.jar:/home/victor/.m2/repository/org/codehaus/groovy/groovy-xml/2.5.6/groovy-xml-2.5.6.jar:/home/victor/.m2/repository/org/apache/httpcomponents/httpclient/4.5.3/httpclient-4.5.3.jar:/home/victor/.m2/repository/org/apache/httpcomponents/httpcore/4.4.6/httpcore-4.4.6.jar:/home/victor/.m2/repository/commons-logging/commons-logging/1.2/commons-logging-1.2.jar:/home/victor/.m2/repository/commons-codec/commons-codec/1.9/commons-codec-1.9.jar:/home/victor/.m2/repository/org/apache/httpcomponents/httpmime/4.5.3/httpmime-4.5.3.jar:/home/victor/.m2/repository/org/hamcrest/hamcrest-core/2.1/hamcrest-core-2.1.jar:/home/victor/.m2/repository/org/hamcrest/hamcrest/2.1/hamcrest-2.1.jar:/home/victor/.m2/repository/org/hamcrest/hamcrest-library/2.1/hamcrest-library-2.1.jar:/home/victor/.m2/repository/org/ccil/cowan/tagsoup/tagsoup/1.2.1/tagsoup-1.2.1.jar:/home/victor/.m2/repository/io/rest-assured/json-path/4.0.0/json-path-4.0.0.jar:/home/victor/.m2/repository/org/codehaus/groovy/groovy-json/2.5.6/groovy-json-2.5.6.jar:/home/victor/.m2/repository/io/rest-assured/rest-assured-common/4.0.0/rest-assured-common-4.0.0.jar:/home/victor/.m2/repository/io/rest-assured/xml-path/4.0.0/xml-path-4.0.0.jar:/home/victor/.m2/repository/javax/xml/bind/jaxb-api/2.2.12/jaxb-api-2.2.12.jar:/home/victor/.m2/repository/com/sun/xml/bind/jaxb-osgi/2.2.10/jaxb-osgi-2.2.10.jar:/home/victor/.m2/repository/org/apache/sling/org.apache.sling.javax.activation/0.1.0/org.apache.sling.javax.activation-0.1.0.jar:/home/victor/.m2/repository/javax/activation/activation/1.1.1/activation-1.1.1.jar:"/>
    <property name="java.vm.vendor" value="Ubuntu"/>
    <property name="sun.arch.data.model" value="64"/>
    <property name="java.vendor.url" value="https://ubuntu.com/"/>
    <property name="user.timezone" value=""/>
    <property name="java.vm.specification.version" value="11"/>
    <property name="os.name" value="Linux"/>
    <property name="sun.java.launcher" value="SUN_STANDARD"/>
    <property name="user.country" value="ES"/>
    <property name="sun.boot.library.path" value="/usr/lib/jvm/java-11-openjdk-amd64/lib"/>
    <property name="sun.java.command" value="/home/victor/Escritorio/MASTER_Selenium_Allure/target/surefire/surefirebooter3961574198049821610.jar /home/victor/Escritorio/MASTER_Selenium_Allure/target/surefire 2023-09-15T01-12-18_981-jvmRun1 surefire16371282438556433501tmp surefire_014535077313303449756tmp"/>
    <property name="jdk.debug" value="release"/>
    <property name="surefire.test.class.path" value="/home/victor/Escritorio/MASTER_Selenium_Allure/target/test-classes:/home/victor/Escritorio/MASTER_Selenium_Allure/target/allure-cucumber-1.0-SNAPSHOT.jar:/home/victor/.m2/repository/io/cucumber/cucumber-junit/4.2.4/cucumber-junit-4.2.4.jar:/home/victor/.m2/repository/io/cucumber/cucumber-core/4.2.4/cucumber-core-4.2.4.jar:/home/victor/.m2/repository/io/cucumber/cucumber-html/0.2.7/cucumber-html-0.2.7.jar:/home/victor/.m2/repository/io/cucumber/gherkin/5.1.0/gherkin-5.1.0.jar:/home/victor/.m2/repository/io/cucumber/tag-expressions/1.1.1/tag-expressions-1.1.1.jar:/home/victor/.m2/repository/io/cucumber/cucumber-expressions/6.2.0/cucumber-expressions-6.2.0.jar:/home/victor/.m2/repository/io/cucumber/datatable/1.1.12/datatable-1.1.12.jar:/home/victor/.m2/repository/io/cucumber/datatable-dependencies/1.1.12/datatable-dependencies-1.1.12.jar:/home/victor/.m2/repository/junit/junit/4.12/junit-4.12.jar:/home/victor/.m2/repository/io/github/bonigarcia/webdrivermanager/5.5.3/webdrivermanager-5.5.3.jar:/home/victor/.m2/repository/org/slf4j/slf4j-api/2.0.7/slf4j-api-2.0.7.jar:/home/victor/.m2/repository/com/google/code/gson/gson/2.10.1/gson-2.10.1.jar:/home/victor/.m2/repository/com/github/docker-java/docker-java/3.3.3/docker-java-3.3.3.jar:/home/victor/.m2/repository/com/github/docker-java/docker-java-core/3.3.3/docker-java-core-3.3.3.jar:/home/victor/.m2/repository/com/github/docker-java/docker-java-api/3.3.3/docker-java-api-3.3.3.jar:/home/victor/.m2/repository/commons-io/commons-io/2.6/commons-io-2.6.jar:/home/victor/.m2/repository/org/apache/commons/commons-compress/1.21/commons-compress-1.21.jar:/home/victor/.m2/repository/org/bouncycastle/bcpkix-jdk18on/1.75/bcpkix-jdk18on-1.75.jar:/home/victor/.m2/repository/org/bouncycastle/bcprov-jdk18on/1.75/bcprov-jdk18on-1.75.jar:/home/victor/.m2/repository/org/bouncycastle/bcutil-jdk18on/1.75/bcutil-jdk18on-1.75.jar:/home/victor/.m2/repository/org/slf4j/jcl-over-slf4j/1.7.30/jcl-over-slf4j-1.7.30.jar:/home/victor/.m2/repository/com/github/docker-java/docker-java-transport-httpclient5/3.3.3/docker-java-transport-httpclient5-3.3.3.jar:/home/victor/.m2/repository/com/github/docker-java/docker-java-transport/3.3.3/docker-java-transport-3.3.3.jar:/home/victor/.m2/repository/net/java/dev/jna/jna/5.12.1/jna-5.12.1.jar:/home/victor/.m2/repository/org/brotli/dec/0.1.2/dec-0.1.2.jar:/home/victor/.m2/repository/org/apache/commons/commons-lang3/3.13.0/commons-lang3-3.13.0.jar:/home/victor/.m2/repository/org/apache/httpcomponents/client5/httpclient5/5.2.1/httpclient5-5.2.1.jar:/home/victor/.m2/repository/org/apache/httpcomponents/core5/httpcore5/5.2/httpcore5-5.2.jar:/home/victor/.m2/repository/org/apache/httpcomponents/core5/httpcore5-h2/5.2/httpcore5-h2-5.2.jar:/home/victor/.m2/repository/org/projectlombok/lombok/1.18.4/lombok-1.18.4.jar:/home/victor/.m2/repository/com/codeborne/selenide/5.2.8/selenide-5.2.8.jar:/home/victor/.m2/repository/org/seleniumhq/selenium/selenium-java/3.141.59/selenium-java-3.141.59.jar:/home/victor/.m2/repository/org/seleniumhq/selenium/selenium-api/3.141.59/selenium-api-3.141.59.jar:/home/victor/.m2/repository/org/seleniumhq/selenium/selenium-chrome-driver/3.141.59/selenium-chrome-driver-3.141.59.jar:/home/victor/.m2/repository/org/seleniumhq/selenium/selenium-edge-driver/3.141.59/selenium-edge-driver-3.141.59.jar:/home/victor/.m2/repository/org/seleniumhq/selenium/selenium-firefox-driver/3.141.59/selenium-firefox-driver-3.141.59.jar:/home/victor/.m2/repository/org/seleniumhq/selenium/selenium-ie-driver/3.141.59/selenium-ie-driver-3.141.59.jar:/home/victor/.m2/repository/org/seleniumhq/selenium/selenium-opera-driver/3.141.59/selenium-opera-driver-3.141.59.jar:/home/victor/.m2/repository/org/seleniumhq/selenium/selenium-remote-driver/3.141.59/selenium-remote-driver-3.141.59.jar:/home/victor/.m2/repository/org/seleniumhq/selenium/selenium-safari-driver/3.141.59/selenium-safari-driver-3.141.59.jar:/home/victor/.m2/repository/org/seleniumhq/selenium/selenium-support/3.141.59/selenium-support-3.141.59.jar:/home/victor/.m2/repository/org/apache/commons/commons-exec/1.3/commons-exec-1.3.jar:/home/victor/.m2/repository/com/google/guava/guava/25.0-jre/guava-25.0-jre.jar:/home/victor/.m2/repository/com/google/code/findbugs/jsr305/1.3.9/jsr305-1.3.9.jar:/home/victor/.m2/repository/org/checkerframework/checker-compat-qual/2.0.0/checker-compat-qual-2.0.0.jar:/home/victor/.m2/repository/com/google/errorprone/error_prone_annotations/2.1.3/error_prone_annotations-2.1.3.jar:/home/victor/.m2/repository/com/google/j2objc/j2objc-annotations/1.1/j2objc-annotations-1.1.jar:/home/victor/.m2/repository/org/codehaus/mojo/animal-sniffer-annotations/1.14/animal-sniffer-annotations-1.14.jar:/home/victor/.m2/repository/com/squareup/okhttp3/okhttp/3.11.0/okhttp-3.11.0.jar:/home/victor/.m2/repository/com/squareup/okio/okio/1.14.0/okio-1.14.0.jar:/home/victor/.m2/repository/net/lightbody/bmp/browsermob-core/2.1.5/browsermob-core-2.1.5.jar:/home/victor/.m2/repository/net/lightbody/bmp/littleproxy/1.1.0-beta-bmp-17/littleproxy-1.1.0-beta-bmp-17.jar:/home/victor/.m2/repository/com/fasterxml/jackson/core/jackson-core/2.8.9/jackson-core-2.8.9.jar:/home/victor/.m2/repository/com/fasterxml/jackson/core/jackson-databind/2.8.9/jackson-databind-2.8.9.jar:/home/victor/.m2/repository/com/fasterxml/jackson/core/jackson-annotations/2.8.9/jackson-annotations-2.8.9.jar:/home/victor/.m2/repository/dnsjava/dnsjava/2.1.8/dnsjava-2.1.8.jar:/home/victor/.m2/repository/com/jcraft/jzlib/1.1.3/jzlib-1.1.3.jar:/home/victor/.m2/repository/io/netty/netty-all/4.0.51.Final/netty-all-4.0.51.Final.jar:/home/victor/.m2/repository/org/bouncycastle/bcprov-jdk15on/1.58/bcprov-jdk15on-1.58.jar:/home/victor/.m2/repository/org/bouncycastle/bcpkix-jdk15on/1.58/bcpkix-jdk15on-1.58.jar:/home/victor/.m2/repository/net/lightbody/bmp/mitm/2.1.5/mitm-2.1.5.jar:/home/victor/.m2/repository/org/slf4j/slf4j-nop/1.7.25/slf4j-nop-1.7.25.jar:/home/victor/.m2/repository/io/qameta/allure/allure-junit4/2.12.1/allure-junit4-2.12.1.jar:/home/victor/.m2/repository/io/qameta/allure/allure-java-commons/2.12.1/allure-java-commons-2.12.1.jar:/home/victor/.m2/repository/io/qameta/allure/allure-model/2.12.1/allure-model-2.12.1.jar:/home/victor/.m2/repository/org/apache/tika/tika-core/1.20/tika-core-1.20.jar:/home/victor/.m2/repository/org/jooq/joor-java-8/0.9.10/joor-java-8-0.9.10.jar:/home/victor/.m2/repository/io/qameta/allure/allure-cucumber4-jvm/2.12.1/allure-cucumber4-jvm-2.12.1.jar:/home/victor/.m2/repository/io/cucumber/cucumber-java/4.2.4/cucumber-java-4.2.4.jar:/home/victor/.m2/repository/io/qameta/allure/allure-selenide/2.12.1/allure-selenide-2.12.1.jar:/home/victor/.m2/repository/io/rest-assured/rest-assured/4.0.0/rest-assured-4.0.0.jar:/home/victor/.m2/repository/org/codehaus/groovy/groovy/2.5.6/groovy-2.5.6.jar:/home/victor/.m2/repository/org/codehaus/groovy/groovy-xml/2.5.6/groovy-xml-2.5.6.jar:/home/victor/.m2/repository/org/apache/httpcomponents/httpclient/4.5.3/httpclient-4.5.3.jar:/home/victor/.m2/repository/org/apache/httpcomponents/httpcore/4.4.6/httpcore-4.4.6.jar:/home/victor/.m2/repository/commons-logging/commons-logging/1.2/commons-logging-1.2.jar:/home/victor/.m2/repository/commons-codec/commons-codec/1.9/commons-codec-1.9.jar:/home/victor/.m2/repository/org/apache/httpcomponents/httpmime/4.5.3/httpmime-4.5.3.jar:/home/victor/.m2/repository/org/hamcrest/hamcrest-core/2.1/hamcrest-core-2.1.jar:/home/victor/.m2/repository/org/hamcrest/hamcrest/2.1/hamcrest-2.1.jar:/home/victor/.m2/repository/org/hamcrest/hamcrest-library/2.1/hamcrest-library-2.1.jar:/home/victor/.m2/repository/org/ccil/cowan/tagsoup/tagsoup/1.2.1/tagsoup-1.2.1.jar:/home/victor/.m2/repository/io/rest-assured/json-path/4.0.0/json-path-4.0.0.jar:/home/victor/.m2/repository/org/codehaus/groovy/groovy-json/2.5.6/groovy-json-2.5.6.jar:/home/victor/.m2/repository/io/rest-assured/rest-assured-common/4.0.0/rest-assured-common-4.0.0.jar:/home/victor/.m2/repository/io/rest-assured/xml-path/4.0.0/xml-path-4.0.0.jar:/home/victor/.m2/repository/javax/xml/bind/jaxb-api/2.2.12/jaxb-api-2.2.12.jar:/home/victor/.m2/repository/com/sun/xml/bind/jaxb-osgi/2.2.10/jaxb-osgi-2.2.10.jar:/home/victor/.m2/repository/org/apache/sling/org.apache.sling.javax.activation/0.1.0/org.apache.sling.javax.activation-0.1.0.jar:/home/victor/.m2/repository/javax/activation/activation/1.1.1/activation-1.1.1.jar:"/>
    <property name="sun.cpu.endian" value="little"/>
    <property name="user.home" value="/home/victor"/>
    <property name="user.language" value="es"/>
    <property name="java.specification.vendor" value="Oracle Corporation"/>
    <property name="java.version.date" value="2023-08-24"/>
    <property name="java.home" value="/usr/lib/jvm/java-11-openjdk-amd64"/>
    <property name="file.separator" value="/"/>
    <property name="basedir" value="/home/victor/Escritorio/MASTER_Selenium_Allure"/>
    <property name="java.vm.compressedOopsMode" value="32-bit"/>
    <property name="line.separator" value="&#10;"/>
    <property name="java.specification.name" value="Java Platform API Specification"/>
    <property name="java.vm.specification.vendor" value="Oracle Corporation"/>
    <property name="java.awt.graphicsenv" value="sun.awt.X11GraphicsEnvironment"/>
    <property name="surefire.real.class.path" value="/home/victor/Escritorio/MASTER_Selenium_Allure/target/surefire/surefirebooter3961574198049821610.jar"/>
    <property name="sun.management.compiler" value="HotSpot 64-Bit Tiered Compilers"/>
    <property name="java.runtime.version" value="11.0.20.1+1-post-Ubuntu-0ubuntu120.04"/>
    <property name="user.name" value="victor"/>
    <property name="path.separator" value=":"/>
    <property name="os.version" value="6.2.3-060203-generic"/>
    <property name="java.runtime.name" value="OpenJDK Runtime Environment"/>
    <property name="file.encoding" value="UTF-8"/>
    <property name="java.vm.name" value="OpenJDK 64-Bit Server VM"/>
    <property name="localRepository" value="/home/victor/.m2/repository"/>
    <property name="java.vendor.url.bug" value="https://bugs.launchpad.net/ubuntu/+source/openjdk-lts"/>
    <property name="java.io.tmpdir" value="/tmp"/>
    <property name="java.version" value="11.0.20.1"/>
    <property name="user.dir" value="/home/victor/Escritorio/MASTER_Selenium_Allure"/>
    <property name="os.arch" value="amd64"/>
    <property name="java.vm.specification.name" value="Java Virtual Machine Specification"/>
    <property name="java.awt.printerjob" value="sun.print.PSPrinterJob"/>
    <property name="sun.os.patch.level" value="unknown"/>
    <property name="java.library.path" value="/usr/java/packages/lib:/usr/lib/x86_64-linux-gnu/jni:/lib/x86_64-linux-gnu:/usr/lib/x86_64-linux-gnu:/usr/lib/jni:/lib:/usr/lib"/>
    <property name="java.vm.info" value="mixed mode, sharing"/>
    <property name="java.vendor" value="Ubuntu"/>
    <property name="java.vm.version" value="11.0.20.1+1-post-Ubuntu-0ubuntu120.04"/>
    <property name="java.specification.maintenance.version" value="2"/>
    <property name="sun.io.unicode.encoding" value="UnicodeLittle"/>
    <property name="java.class.version" value="55.0"/>
  </properties>
  <testcase name="user can search XBOX" classname="Check the HomePage" time="25.016">
    <failure message="Element not found {By.xpath: //*[@id=&apos;rso&apos;]/div[1]/div/div/div/div/div/div/div/div[1]/a/h3|//div[@class =&apos;LC20lb MBeuO DKV0Md&apos;]/h3}&#10;Expected: visible" type="com.codeborne.selenide.ex.ElementNotFound">com.codeborne.selenide.ex.ElementNotFound: 
Element not found {By.xpath: //*[@id='rso']/div[1]/div/div/div/div/div/div/div/div[1]/a/h3|//div[@class ='LC20lb MBeuO DKV0Md']/h3}
Expected: visible
Caused by: org.openqa.selenium.NoSuchElementException: 
no such element: Unable to locate element: {"method":"xpath","selector":"//*[@id='rso']/div[1]/div/div/div/div/div/div/div/div[1]/a/h3|//div[@class ='LC20lb MBeuO DKV0Md']/h3"}
  (Session info: chrome=117.0.5938.62)
For documentation on this error, please visit: https://www.seleniumhq.org/exceptions/no_such_element.html
Build info: version: '3.141.59', revision: 'e82be7d358', time: '2018-11-14T08:17:03'
System info: host: 'victor-X555LDB', ip: '127.0.1.1', os.name: 'Linux', os.arch: 'amd64', os.version: '6.2.3-060203-generic', java.version: '11.0.20.1'
Driver info: org.openqa.selenium.chrome.ChromeDriver
Capabilities {acceptInsecureCerts: false, browserName: chrome, browserVersion: 117.0.5938.62, chrome: {chromedriverVersion: 117.0.5938.62 (25a7172909a4..., userDataDir: /tmp/.org.chromium.Chromium...}, fedcm:accounts: true, goog:chromeOptions: {debuggerAddress: localhost:33093}, javascriptEnabled: true, networkConnectionEnabled: false, pageLoadStrategy: normal, platform: LINUX, platformName: LINUX, proxy: Proxy(), setWindowRect: true, strictFileInteractability: false, timeouts: {implicit: 0, pageLoad: 300000, script: 30000}, unhandledPromptBehavior: dismiss and notify, webauthn:extension:credBlob: true, webauthn:extension:largeBlob: true, webauthn:extension:minPinLength: true, webauthn:extension:prf: true, webauthn:virtualAuthenticators: true}
Session ID: d05ad985db692ddea4b9c27efa34f8aa
*** Element info: {Using=xpath, value=//*[@id='rso']/div[1]/div/div/div/div/div/div/div/div[1]/a/h3|//div[@class ='LC20lb MBeuO DKV0Md']/h3}
</failure>
    <system-err><![CDATA[SLF4J: No SLF4J providers were found.
SLF4J: Defaulting to no-operation (NOP) logger implementation
SLF4J: See https://www.slf4j.org/codes.html#noProviders for further details.
SLF4J: Class path contains SLF4J bindings targeting slf4j-api versions 1.7.x or earlier.
SLF4J: Ignoring binding found at [jar:file:/home/victor/.m2/repository/org/slf4j/slf4j-nop/1.7.25/slf4j-nop-1.7.25.jar!/org/slf4j/impl/StaticLoggerBinder.class]
SLF4J: See https://www.slf4j.org/codes.html#ignoredBindings for an explanation.
sept. 15, 2023 1:12:24 A. M. com.codeborne.selenide.drivercommands.LazyDriver getAndCheckWebDriver
INFORMACIÓN: No webdriver is bound to current thread: 1 - let's create a new webdriver
Starting ChromeDriver 117.0.5938.62 (25a7172909a4cba7355365cf424d7d7eb35231f4-refs/branch-heads/5938@{#1146}) on port 13173
Only local connections are allowed.
Please see https://chromedriver.chromium.org/security-considerations for suggestions on keeping ChromeDriver safe.
ChromeDriver was started successfully.
sept. 15, 2023 1:12:29 A. M. org.openqa.selenium.remote.ProtocolHandshake createSession
INFORMACIÓN: Detected dialect: W3C
sept. 15, 2023 1:12:29 A. M. com.codeborne.selenide.webdriver.BrowserResizer adjustBrowserSize
INFORMACIÓN: Set browser size to 1366x768
sept. 15, 2023 1:12:29 A. M. com.codeborne.selenide.webdriver.WebDriverFactory logBrowserVersion
INFORMACIÓN: BrowserName=chrome Version=117.0.5938.62 Platform=LINUX
sept. 15, 2023 1:12:29 A. M. com.codeborne.selenide.webdriver.WebDriverFactory createWebDriver
INFORMACIÓN: Selenide v. 5.2.8
sept. 15, 2023 1:12:29 A. M. com.codeborne.selenide.webdriver.WebDriverFactory logSeleniumInfo
INFORMACIÓN: Selenium WebDriver v. 3.141.59 build time: 2018-11-14T08:17:03
sept. 15, 2023 1:12:29 A. M. com.codeborne.selenide.drivercommands.CreateDriverCommand createDriver
INFORMACIÓN: Create webdriver in current thread 1: ChromeDriver -> ChromeDriver: chrome on LINUX (d05ad985db692ddea4b9c27efa34f8aa)
sept. 15, 2023 1:12:46 A. M. com.codeborne.selenide.impl.ScreenShotLaboratory ensureFolderExists
INFORMACIÓN: Creating folder: target/surefire-reports
]]></system-err>
  </testcase>
  <testcase name="user can search XBOX" classname="Check the HomePage" time="27.908"/>
  <testcase name="user can search Shopery" classname="Check the HomePage" time="8.488"/>
  <testcase name="user can search Shopery" classname="Check the HomePage" time="15.134"/>
  <testcase name="user can navigate and search results on Movistar.com" classname="Check the Movistar.com" time="6.246">
    <failure message="Element not found {By.xpath: //*[@id=&apos;__next&apos;]/div/div[1]/div/div/div[1]/div/div[6]/div[1]/a}&#10;Expected: visible" type="com.codeborne.selenide.ex.ElementNotFound">com.codeborne.selenide.ex.ElementNotFound: 
Element not found {By.xpath: //*[@id='__next']/div/div[1]/div/div/div[1]/div/div[6]/div[1]/a}
Expected: visible
Caused by: org.openqa.selenium.NoSuchElementException: 
no such element: Unable to locate element: {"method":"xpath","selector":"//*[@id='__next']/div/div[1]/div/div/div[1]/div/div[6]/div[1]/a"}
  (Session info: chrome=117.0.5938.62)
For documentation on this error, please visit: https://www.seleniumhq.org/exceptions/no_such_element.html
Build info: version: '3.141.59', revision: 'e82be7d358', time: '2018-11-14T08:17:03'
System info: host: 'victor-X555LDB', ip: '127.0.1.1', os.name: 'Linux', os.arch: 'amd64', os.version: '6.2.3-060203-generic', java.version: '11.0.20.1'
Driver info: org.openqa.selenium.chrome.ChromeDriver
Capabilities {acceptInsecureCerts: false, browserName: chrome, browserVersion: 117.0.5938.62, chrome: {chromedriverVersion: 117.0.5938.62 (25a7172909a4..., userDataDir: /tmp/.org.chromium.Chromium...}, fedcm:accounts: true, goog:chromeOptions: {debuggerAddress: localhost:33093}, javascriptEnabled: true, networkConnectionEnabled: false, pageLoadStrategy: normal, platform: LINUX, platformName: LINUX, proxy: Proxy(), setWindowRect: true, strictFileInteractability: false, timeouts: {implicit: 0, pageLoad: 300000, script: 30000}, unhandledPromptBehavior: dismiss and notify, webauthn:extension:credBlob: true, webauthn:extension:largeBlob: true, webauthn:extension:minPinLength: true, webauthn:extension:prf: true, webauthn:virtualAuthenticators: true}
Session ID: d05ad985db692ddea4b9c27efa34f8aa
*** Element info: {Using=xpath, value=//*[@id='__next']/div/div[1]/div/div/div[1]/div/div[6]/div[1]/a}
</failure>
    <system-err><![CDATA[sept. 15, 2023 1:13:29 A. M. com.codeborne.selenide.impl.ScreenShotLaboratory ensureFolderExists
INFORMACIÓN: Creating folder: target/results/selenide-screenshots
]]></system-err>
  </testcase>
  <testcase name="user can navigate and search results in responsive mobile mode on www.telefonica.com" classname="Check the www.telefonica.com" time="9.048">
    <failure message="Element not found {By.xpath: //*[@id=&quot;primary&quot;]/div[6]/div/div[11]/figure/blockquote}&#10;Expected: exist" type="com.codeborne.selenide.ex.ElementNotFound">com.codeborne.selenide.ex.ElementNotFound: 
Element not found {By.xpath: //*[@id="primary"]/div[6]/div/div[11]/figure/blockquote}
Expected: exist
Caused by: org.openqa.selenium.NoSuchElementException: 
no such element: Unable to locate element: {"method":"xpath","selector":"//*[@id="primary"]/div[6]/div/div[11]/figure/blockquote"}
  (Session info: chrome=117.0.5938.62)
For documentation on this error, please visit: https://www.seleniumhq.org/exceptions/no_such_element.html
Build info: version: '3.141.59', revision: 'e82be7d358', time: '2018-11-14T08:17:03'
System info: host: 'victor-X555LDB', ip: '127.0.1.1', os.name: 'Linux', os.arch: 'amd64', os.version: '6.2.3-060203-generic', java.version: '11.0.20.1'
Driver info: org.openqa.selenium.chrome.ChromeDriver
Capabilities {acceptInsecureCerts: false, browserName: chrome, browserVersion: 117.0.5938.62, chrome: {chromedriverVersion: 117.0.5938.62 (25a7172909a4..., userDataDir: /tmp/.org.chromium.Chromium...}, fedcm:accounts: true, goog:chromeOptions: {debuggerAddress: localhost:33093}, javascriptEnabled: true, networkConnectionEnabled: false, pageLoadStrategy: normal, platform: LINUX, platformName: LINUX, proxy: Proxy(), setWindowRect: true, strictFileInteractability: false, timeouts: {implicit: 0, pageLoad: 300000, script: 30000}, unhandledPromptBehavior: dismiss and notify, webauthn:extension:credBlob: true, webauthn:extension:largeBlob: true, webauthn:extension:minPinLength: true, webauthn:extension:prf: true, webauthn:virtualAuthenticators: true}
Session ID: d05ad985db692ddea4b9c27efa34f8aa
*** Element info: {Using=xpath, value=//*[@id="primary"]/div[6]/div/div[11]/figure/blockquote}
</failure>
  </testcase>
  <testcase name="Sum of two" classname="Just a simple demo" time="0.004"/>
  <testcase name="Sum of two" classname="Just a simple demo" time="0.046"/>
  <testcase name="Sum of two" classname="Just a simple demo" time="0.002"/>
  <testcase name="User calls web service to get a book by it&apos;s ISBN" classname="Google Api books" time="5.995">
    <failure message="1 expectation failed.&#10;JSON path items.volumeInfo.pageCount doesn&apos;t match.&#10;Expected: iterable with items [&lt;630&gt;] in any order&#10;  Actual: [656]&#10;" type="java.lang.AssertionError"><![CDATA[java.lang.AssertionError: 
1 expectation failed.
JSON path items.volumeInfo.pageCount doesn't match.
Expected: iterable with items [<630>] in any order
  Actual: [656]

]]></failure>
  </testcase>
  <testcase name="Search on Google" classname="Google Search" time="5.385">
    <failure message="ElementNotInteractableException: element not interactable&#10;  (Session info: chrome=117.0.5938.62)&#10;Build info: version: &apos;3.141.59&apos;, revision: &apos;e82be7d358&apos;, time: &apos;2018-11-14T08:17:03&apos;&#10;System info: host: &apos;victor-X555LDB&apos;, ip: &apos;127.0.1.1&apos;, os.name: &apos;Linux&apos;, os.arch: &apos;amd64&apos;, os.version: &apos;6.2.3-060203-generic&apos;, java.version: &apos;11.0.20.1&apos;&#10;Driver info: org.openqa.selenium.chrome.ChromeDriver&#10;Capabilities {acceptInsecureCerts: false, browserName: chrome, browserVersion: 117.0.5938.62, chrome: {chromedriverVersion: 117.0.5938.62 (25a7172909a4..., userDataDir: /tmp/.org.chromium.Chromium...}, fedcm:accounts: true, goog:chromeOptions: {debuggerAddress: localhost:33093}, javascriptEnabled: true, networkConnectionEnabled: false, pageLoadStrategy: normal, platform: LINUX, platformName: LINUX, proxy: Proxy(), setWindowRect: true, strictFileInteractability: false, timeouts: {implicit: 0, pageLoad: 300000, script: 30000}, unhandledPromptBehavior: dismiss and notify, webauthn:extension:credBlob: true, webauthn:extension:largeBlob: true, webauthn:extension:minPinLength: true, webauthn:extension:prf: true, webauthn:virtualAuthenticators: true}&#10;Session ID: d05ad985db692ddea4b9c27efa34f8aa" type="com.codeborne.selenide.ex.InvalidStateException">com.codeborne.selenide.ex.InvalidStateException: 
ElementNotInteractableException: element not interactable
  (Session info: chrome=117.0.5938.62)
Build info: version: '3.141.59', revision: 'e82be7d358', time: '2018-11-14T08:17:03'
System info: host: 'victor-X555LDB', ip: '127.0.1.1', os.name: 'Linux', os.arch: 'amd64', os.version: '6.2.3-060203-generic', java.version: '11.0.20.1'
Driver info: org.openqa.selenium.chrome.ChromeDriver
Capabilities {acceptInsecureCerts: false, browserName: chrome, browserVersion: 117.0.5938.62, chrome: {chromedriverVersion: 117.0.5938.62 (25a7172909a4..., userDataDir: /tmp/.org.chromium.Chromium...}, fedcm:accounts: true, goog:chromeOptions: {debuggerAddress: localhost:33093}, javascriptEnabled: true, networkConnectionEnabled: false, pageLoadStrategy: normal, platform: LINUX, platformName: LINUX, proxy: Proxy(), setWindowRect: true, strictFileInteractability: false, timeouts: {implicit: 0, pageLoad: 300000, script: 30000}, unhandledPromptBehavior: dismiss and notify, webauthn:extension:credBlob: true, webauthn:extension:largeBlob: true, webauthn:extension:minPinLength: true, webauthn:extension:prf: true, webauthn:virtualAuthenticators: true}
Session ID: d05ad985db692ddea4b9c27efa34f8aa
Caused by: org.openqa.selenium.ElementNotInteractableException: 
element not interactable
  (Session info: chrome=117.0.5938.62)
Build info: version: '3.141.59', revision: 'e82be7d358', time: '2018-11-14T08:17:03'
System info: host: 'victor-X555LDB', ip: '127.0.1.1', os.name: 'Linux', os.arch: 'amd64', os.version: '6.2.3-060203-generic', java.version: '11.0.20.1'
Driver info: org.openqa.selenium.chrome.ChromeDriver
Capabilities {acceptInsecureCerts: false, browserName: chrome, browserVersion: 117.0.5938.62, chrome: {chromedriverVersion: 117.0.5938.62 (25a7172909a4..., userDataDir: /tmp/.org.chromium.Chromium...}, fedcm:accounts: true, goog:chromeOptions: {debuggerAddress: localhost:33093}, javascriptEnabled: true, networkConnectionEnabled: false, pageLoadStrategy: normal, platform: LINUX, platformName: LINUX, proxy: Proxy(), setWindowRect: true, strictFileInteractability: false, timeouts: {implicit: 0, pageLoad: 300000, script: 30000}, unhandledPromptBehavior: dismiss and notify, webauthn:extension:credBlob: true, webauthn:extension:largeBlob: true, webauthn:extension:minPinLength: true, webauthn:extension:prf: true, webauthn:virtualAuthenticators: true}
Session ID: d05ad985db692ddea4b9c27efa34f8aa
</failure>
  </testcase>
  <testcase name="Rest Call GET" classname="RestCall basics" time="1.985"/>
  <testcase name="Rest Call POST" classname="RestCall basics" time="0"/>
</testsuite>